[INFO ]2024-04-2423:45:31.774[main]org.testng.internal.Utils1)-[Utils] MethodGroupsHelper.collectMethodsByGroup() took 1 ms.
[INFO ]2024-04-2423:45:31.780[main]org.testng.internal.Utils1)-[Utils] MethodGroupsHelper.sortMethods() took 1 ms.
[INFO ]2024-04-2423:45:31.782[main]org.testng.internal.Utils1)-[Utils] MethodGroupsHelper.collectMethodsByGroup() took 0 ms.
[INFO ]2024-04-2423:45:31.784[main]org.testng.internal.Utils1)-[Utils] MethodGroupsHelper.sortMethods() took 0 ms.
[INFO ]2024-04-2423:45:31.785[main]org.testng.internal.Utils1)-[Utils] MethodGroupsHelper.collectMethodsByGroup() took 0 ms.
[INFO ]2024-04-2423:45:31.785[main]org.testng.internal.Utils1)-[Utils] MethodGroupsHelper.sortMethods() took 0 ms.
[INFO ]2024-04-2423:45:31.786[main]org.testng.internal.Utils1)-[Utils] MethodGroupsHelper.collectMethodsByGroup() took 0 ms.
[INFO ]2024-04-2423:45:31.788[main]org.testng.internal.Utils1)-[Utils] MethodGroupsHelper.sortMethods() took 0 ms.
[INFO ]2024-04-2423:45:31.791[main]org.testng.internal.Utils1)-[Utils] MethodGroupsHelper.collectMethodsByGroup() took 1 ms.
[INFO ]2024-04-2423:45:31.809[main]org.testng.internal.Utils1)-[Utils] MethodGroupsHelper.sortMethods() took 17 ms.
[INFO ]2024-04-2423:45:31.812[main]org.testng.internal.Utils1)-[Utils] MethodGroupsHelper.collectMethodsByGroup() took 0 ms.
[INFO ]2024-04-2423:45:31.814[main]org.testng.internal.Utils1)-[Utils] MethodGroupsHelper.sortMethods() took 0 ms.
[INFO ]2024-04-2423:45:31.816[main]org.testng.internal.Utils1)-[Utils] MethodGroupsHelper.collectMethodsByGroup() took 0 ms.
[INFO ]2024-04-2423:45:31.818[main]org.testng.internal.Utils1)-[Utils] MethodGroupsHelper.sortMethods() took 0 ms.
[INFO ]2024-04-2423:45:31.819[main]org.testng.internal.Utils1)-[Utils] MethodGroupsHelper.collectMethodsByGroup() took 0 ms.
[INFO ]2024-04-2423:45:31.820[main]org.testng.internal.Utils1)-[Utils] MethodGroupsHelper.sortMethods() took 0 ms.
[INFO ]2024-04-2423:45:31.823[main]org.testng.internal.Utils1)-[Utils] MethodGroupsHelper.collectMethodsByGroup() took 0 ms.
[INFO ]2024-04-2423:45:31.824[main]org.testng.internal.Utils1)-[Utils] MethodGroupsHelper.sortMethods() took 0 ms.
[INFO ]2024-04-2423:45:31.825[main]org.testng.internal.Utils1)-[Utils] MethodGroupsHelper.collectMethodsByGroup() took 0 ms.
[INFO ]2024-04-2423:45:31.826[main]org.testng.internal.Utils1)-[Utils] MethodGroupsHelper.sortMethods() took 0 ms.
[INFO ]2024-04-2423:45:31.827[main]org.testng.internal.Utils1)-[Utils] MethodGroupsHelper.collectMethodsByGroup() took 0 ms.
[INFO ]2024-04-2423:45:31.829[main]org.testng.internal.Utils1)-[Utils] MethodGroupsHelper.sortMethods() took 0 ms.
[INFO ]2024-04-2423:45:31.829[main]org.testng.internal.Utils1)-[Utils] MethodGroupsHelper.collectMethodsByGroup() took 0 ms.
[INFO ]2024-04-2423:45:31.829[main]org.testng.internal.Utils1)-[Utils] MethodGroupsHelper.sortMethods() took 0 ms.
[INFO ]2024-04-2423:45:31.842[main]org.testng.internal.Utils1)-[Utils] MethodGroupsHelper.collectMethodsByGroup() took 12 ms.
[INFO ]2024-04-2423:45:31.843[main]org.testng.internal.Utils1)-[Utils] MethodGroupsHelper.sortMethods() took 0 ms.
[INFO ]2024-04-2423:45:31.849[main]org.testng.internal.Utils1)-[Utils] MethodGroupsHelper.collectMethodsByGroup() took 0 ms.
[INFO ]2024-04-2423:45:31.850[main]org.testng.internal.Utils1)-[Utils] MethodGroupsHelper.sortMethods() took 1 ms.
[INFO ]2024-04-2423:45:31.850[main]org.testng.internal.Utils1)-[Utils] MethodGroupsHelper.collectMethodsByGroup() took 0 ms.
[INFO ]2024-04-2423:45:31.851[main]org.testng.internal.Utils1)-[Utils] MethodGroupsHelper.sortMethods() took 0 ms.
[INFO ]2024-04-2423:45:31.869[main]org.testng.internal.Utils1)-[TestNG] Running:
  C:\Users\ishwa\AppData\Local\Temp\testng-eclipse--1464146013\testng-customsuite.xml

[INFO ]2024-04-2423:45:31.916[main]org.testng.internal.Utils1)-[Utils] DynamicGraphHelper.createDynamicGraph() took 11 ms.
[INFO ]2024-04-2423:45:34.417[main]org.testng.internal.Utils1)-[TestNG] Time taken by org.testng.reporters.jq.Main@2a8b33ba: 64 ms
[INFO ]2024-04-2423:45:34.445[main]org.testng.internal.Utils1)-[TestNG] Time taken by org.testng.reporters.FailedReporter@4f3e9fbb: 27 ms
[INFO ]2024-04-2423:45:34.458[main]org.testng.internal.Utils1)-[TestNG] Time taken by org.testng.reporters.XMLReporter@47a7c93e: 13 ms
[INFO ]2024-04-2423:45:34.485[main]org.testng.internal.Utils1)-[TestNG] Time taken by org.testng.reporters.EmailableReporter2@562919fe: 27 ms
[INFO ]2024-04-2423:45:34.493[main]org.testng.internal.Utils1)-[TestNG] Time taken by org.testng.reporters.JUnitReportReporter@76f2dad9: 7 ms
[INFO ]2024-04-2423:45:34.494[main]org.testng.internal.Utils1)-[TestNG] Time taken by org.testng.internal.ExitCodeListener@171dc7c3: 0 ms
[INFO ]2024-04-2423:56:52.246[main]org.testng.internal.Utils1)-[Utils] MethodGroupsHelper.collectMethodsByGroup() took 1 ms.
[INFO ]2024-04-2423:56:52.258[main]org.testng.internal.Utils1)-[Utils] MethodGroupsHelper.sortMethods() took 2 ms.
[INFO ]2024-04-2423:56:52.261[main]org.testng.internal.Utils1)-[Utils] MethodGroupsHelper.collectMethodsByGroup() took 0 ms.
[INFO ]2024-04-2423:56:52.262[main]org.testng.internal.Utils1)-[Utils] MethodGroupsHelper.sortMethods() took 0 ms.
[INFO ]2024-04-2423:56:52.263[main]org.testng.internal.Utils1)-[Utils] MethodGroupsHelper.collectMethodsByGroup() took 0 ms.
[INFO ]2024-04-2423:56:52.264[main]org.testng.internal.Utils1)-[Utils] MethodGroupsHelper.sortMethods() took 0 ms.
[INFO ]2024-04-2423:56:52.265[main]org.testng.internal.Utils1)-[Utils] MethodGroupsHelper.collectMethodsByGroup() took 0 ms.
[INFO ]2024-04-2423:56:52.266[main]org.testng.internal.Utils1)-[Utils] MethodGroupsHelper.sortMethods() took 0 ms.
[INFO ]2024-04-2423:56:52.274[main]org.testng.internal.Utils1)-[Utils] MethodGroupsHelper.collectMethodsByGroup() took 0 ms.
[INFO ]2024-04-2423:56:52.289[main]org.testng.internal.Utils1)-[Utils] MethodGroupsHelper.sortMethods() took 13 ms.
[INFO ]2024-04-2423:56:52.291[main]org.testng.internal.Utils1)-[Utils] MethodGroupsHelper.collectMethodsByGroup() took 0 ms.
[INFO ]2024-04-2423:56:52.292[main]org.testng.internal.Utils1)-[Utils] MethodGroupsHelper.sortMethods() took 0 ms.
[INFO ]2024-04-2423:56:52.294[main]org.testng.internal.Utils1)-[Utils] MethodGroupsHelper.collectMethodsByGroup() took 0 ms.
[INFO ]2024-04-2423:56:52.295[main]org.testng.internal.Utils1)-[Utils] MethodGroupsHelper.sortMethods() took 0 ms.
[INFO ]2024-04-2423:56:52.296[main]org.testng.internal.Utils1)-[Utils] MethodGroupsHelper.collectMethodsByGroup() took 0 ms.
[INFO ]2024-04-2423:56:52.296[main]org.testng.internal.Utils1)-[Utils] MethodGroupsHelper.sortMethods() took 0 ms.
[INFO ]2024-04-2423:56:52.299[main]org.testng.internal.Utils1)-[Utils] MethodGroupsHelper.collectMethodsByGroup() took 0 ms.
[INFO ]2024-04-2423:56:52.299[main]org.testng.internal.Utils1)-[Utils] MethodGroupsHelper.sortMethods() took 0 ms.
[INFO ]2024-04-2423:56:52.300[main]org.testng.internal.Utils1)-[Utils] MethodGroupsHelper.collectMethodsByGroup() took 0 ms.
[INFO ]2024-04-2423:56:52.301[main]org.testng.internal.Utils1)-[Utils] MethodGroupsHelper.sortMethods() took 0 ms.
[INFO ]2024-04-2423:56:52.302[main]org.testng.internal.Utils1)-[Utils] MethodGroupsHelper.collectMethodsByGroup() took 0 ms.
[INFO ]2024-04-2423:56:52.302[main]org.testng.internal.Utils1)-[Utils] MethodGroupsHelper.sortMethods() took 0 ms.
[INFO ]2024-04-2423:56:52.303[main]org.testng.internal.Utils1)-[Utils] MethodGroupsHelper.collectMethodsByGroup() took 0 ms.
[INFO ]2024-04-2423:56:52.303[main]org.testng.internal.Utils1)-[Utils] MethodGroupsHelper.sortMethods() took 0 ms.
[INFO ]2024-04-2423:56:52.319[main]org.testng.internal.Utils1)-[Utils] MethodGroupsHelper.collectMethodsByGroup() took 13 ms.
[INFO ]2024-04-2423:56:52.320[main]org.testng.internal.Utils1)-[Utils] MethodGroupsHelper.sortMethods() took 0 ms.
[INFO ]2024-04-2423:56:52.322[main]org.testng.internal.Utils1)-[Utils] MethodGroupsHelper.collectMethodsByGroup() took 0 ms.
[INFO ]2024-04-2423:56:52.323[main]org.testng.internal.Utils1)-[Utils] MethodGroupsHelper.sortMethods() took 0 ms.
[INFO ]2024-04-2423:56:52.323[main]org.testng.internal.Utils1)-[Utils] MethodGroupsHelper.collectMethodsByGroup() took 0 ms.
[INFO ]2024-04-2423:56:52.323[main]org.testng.internal.Utils1)-[Utils] MethodGroupsHelper.sortMethods() took 0 ms.
[INFO ]2024-04-2423:56:52.335[main]org.testng.internal.Utils1)-[TestNG] Running:
  C:\Users\ishwa\AppData\Local\Temp\testng-eclipse-138100528\testng-customsuite.xml

[INFO ]2024-04-2423:56:52.384[main]org.testng.internal.Utils1)-[Utils] DynamicGraphHelper.createDynamicGraph() took 7 ms.
[INFO ]2024-04-2423:56:54.454[main]org.testng.internal.Utils1)-[TestNG] Time taken by org.testng.reporters.jq.Main@53aa38be: 73 ms
[INFO ]2024-04-2423:56:54.474[main]org.testng.internal.Utils1)-[TestNG] Time taken by org.testng.reporters.FailedReporter@729c8063: 18 ms
[INFO ]2024-04-2423:56:54.507[main]org.testng.internal.Utils1)-[TestNG] Time taken by org.testng.reporters.XMLReporter@4db77402: 31 ms
[INFO ]2024-04-2423:56:54.523[main]org.testng.internal.Utils1)-[TestNG] Time taken by org.testng.reporters.EmailableReporter2@202d9236: 14 ms
[INFO ]2024-04-2423:56:54.531[main]org.testng.internal.Utils1)-[TestNG] Time taken by org.testng.reporters.JUnitReportReporter@7ecda95b: 7 ms
[INFO ]2024-04-2423:56:54.532[main]org.testng.internal.Utils1)-[TestNG] Time taken by org.testng.internal.ExitCodeListener@22da2fe6: 0 ms
[INFO ]2024-04-2423:57:58.682[main]org.testng.internal.Utils1)-[Utils] MethodGroupsHelper.collectMethodsByGroup() took 1 ms.
[INFO ]2024-04-2423:57:58.690[main]org.testng.internal.Utils1)-[Utils] MethodGroupsHelper.sortMethods() took 1 ms.
[INFO ]2024-04-2423:57:58.692[main]org.testng.internal.Utils1)-[Utils] MethodGroupsHelper.collectMethodsByGroup() took 0 ms.
[INFO ]2024-04-2423:57:58.693[main]org.testng.internal.Utils1)-[Utils] MethodGroupsHelper.sortMethods() took 0 ms.
[INFO ]2024-04-2423:57:58.694[main]org.testng.internal.Utils1)-[Utils] MethodGroupsHelper.collectMethodsByGroup() took 0 ms.
[INFO ]2024-04-2423:57:58.694[main]org.testng.internal.Utils1)-[Utils] MethodGroupsHelper.sortMethods() took 0 ms.
[INFO ]2024-04-2423:57:58.696[main]org.testng.internal.Utils1)-[Utils] MethodGroupsHelper.collectMethodsByGroup() took 0 ms.
[INFO ]2024-04-2423:57:58.696[main]org.testng.internal.Utils1)-[Utils] MethodGroupsHelper.sortMethods() took 0 ms.
[INFO ]2024-04-2423:57:58.698[main]org.testng.internal.Utils1)-[Utils] MethodGroupsHelper.collectMethodsByGroup() took 0 ms.
[INFO ]2024-04-2423:57:58.714[main]org.testng.internal.Utils1)-[Utils] MethodGroupsHelper.sortMethods() took 15 ms.
[INFO ]2024-04-2423:57:58.717[main]org.testng.internal.Utils1)-[Utils] MethodGroupsHelper.collectMethodsByGroup() took 0 ms.
[INFO ]2024-04-2423:57:58.718[main]org.testng.internal.Utils1)-[Utils] MethodGroupsHelper.sortMethods() took 0 ms.
[INFO ]2024-04-2423:57:58.720[main]org.testng.internal.Utils1)-[Utils] MethodGroupsHelper.collectMethodsByGroup() took 0 ms.
[INFO ]2024-04-2423:57:58.720[main]org.testng.internal.Utils1)-[Utils] MethodGroupsHelper.sortMethods() took 0 ms.
[INFO ]2024-04-2423:57:58.721[main]org.testng.internal.Utils1)-[Utils] MethodGroupsHelper.collectMethodsByGroup() took 0 ms.
[INFO ]2024-04-2423:57:58.721[main]org.testng.internal.Utils1)-[Utils] MethodGroupsHelper.sortMethods() took 0 ms.
[INFO ]2024-04-2423:57:58.723[main]org.testng.internal.Utils1)-[Utils] MethodGroupsHelper.collectMethodsByGroup() took 0 ms.
[INFO ]2024-04-2423:57:58.724[main]org.testng.internal.Utils1)-[Utils] MethodGroupsHelper.sortMethods() took 0 ms.
[INFO ]2024-04-2423:57:58.725[main]org.testng.internal.Utils1)-[Utils] MethodGroupsHelper.collectMethodsByGroup() took 0 ms.
[INFO ]2024-04-2423:57:58.725[main]org.testng.internal.Utils1)-[Utils] MethodGroupsHelper.sortMethods() took 0 ms.
[INFO ]2024-04-2423:57:58.726[main]org.testng.internal.Utils1)-[Utils] MethodGroupsHelper.collectMethodsByGroup() took 0 ms.
[INFO ]2024-04-2423:57:58.726[main]org.testng.internal.Utils1)-[Utils] MethodGroupsHelper.sortMethods() took 0 ms.
[INFO ]2024-04-2423:57:58.728[main]org.testng.internal.Utils1)-[Utils] MethodGroupsHelper.collectMethodsByGroup() took 0 ms.
[INFO ]2024-04-2423:57:58.728[main]org.testng.internal.Utils1)-[Utils] MethodGroupsHelper.sortMethods() took 0 ms.
[INFO ]2024-04-2423:57:58.739[main]org.testng.internal.Utils1)-[Utils] MethodGroupsHelper.collectMethodsByGroup() took 9 ms.
[INFO ]2024-04-2423:57:58.742[main]org.testng.internal.Utils1)-[Utils] MethodGroupsHelper.sortMethods() took 1 ms.
[INFO ]2024-04-2423:57:58.746[main]org.testng.internal.Utils1)-[Utils] MethodGroupsHelper.collectMethodsByGroup() took 0 ms.
[INFO ]2024-04-2423:57:58.747[main]org.testng.internal.Utils1)-[Utils] MethodGroupsHelper.sortMethods() took 0 ms.
[INFO ]2024-04-2423:57:58.747[main]org.testng.internal.Utils1)-[Utils] MethodGroupsHelper.collectMethodsByGroup() took 0 ms.
[INFO ]2024-04-2423:57:58.747[main]org.testng.internal.Utils1)-[Utils] MethodGroupsHelper.sortMethods() took 0 ms.
[INFO ]2024-04-2423:57:58.759[main]org.testng.internal.Utils1)-[TestNG] Running:
  C:\Users\ishwa\AppData\Local\Temp\testng-eclipse-901735149\testng-customsuite.xml

[INFO ]2024-04-2423:57:58.813[main]org.testng.internal.Utils1)-[Utils] DynamicGraphHelper.createDynamicGraph() took 7 ms.
[INFO ]2024-04-2423:58:00.919[main]org.testng.internal.Utils1)-[TestNG] Time taken by org.testng.reporters.jq.Main@2eda4eeb: 75 ms
[INFO ]2024-04-2423:58:00.921[main]org.testng.internal.Utils1)-[TestNG] Time taken by org.testng.reporters.FailedReporter@5ba90d8a: 0 ms
[INFO ]2024-04-2423:58:00.940[main]org.testng.internal.Utils1)-[TestNG] Time taken by org.testng.reporters.XMLReporter@52ca2652: 18 ms
[INFO ]2024-04-2423:58:00.951[main]org.testng.internal.Utils1)-[TestNG] Time taken by org.testng.reporters.EmailableReporter2@251c4280: 11 ms
[INFO ]2024-04-2423:58:00.959[main]org.testng.internal.Utils1)-[TestNG] Time taken by org.testng.reporters.JUnitReportReporter@5921b93c: 8 ms
[INFO ]2024-04-2423:58:00.960[main]org.testng.internal.Utils1)-[TestNG] Time taken by org.testng.internal.ExitCodeListener@faea4da: 0 ms
[INFO ]2024-04-2500:00:44.602[main]org.testng.internal.Utils1)-[Utils] MethodGroupsHelper.collectMethodsByGroup() took 1 ms.
[INFO ]2024-04-2500:00:44.608[main]org.testng.internal.Utils1)-[Utils] MethodGroupsHelper.sortMethods() took 1 ms.
[INFO ]2024-04-2500:00:44.611[main]org.testng.internal.Utils1)-[Utils] MethodGroupsHelper.collectMethodsByGroup() took 0 ms.
[INFO ]2024-04-2500:00:44.612[main]org.testng.internal.Utils1)-[Utils] MethodGroupsHelper.sortMethods() took 0 ms.
[INFO ]2024-04-2500:00:44.613[main]org.testng.internal.Utils1)-[Utils] MethodGroupsHelper.collectMethodsByGroup() took 0 ms.
[INFO ]2024-04-2500:00:44.613[main]org.testng.internal.Utils1)-[Utils] MethodGroupsHelper.sortMethods() took 0 ms.
[INFO ]2024-04-2500:00:44.614[main]org.testng.internal.Utils1)-[Utils] MethodGroupsHelper.collectMethodsByGroup() took 0 ms.
[INFO ]2024-04-2500:00:44.614[main]org.testng.internal.Utils1)-[Utils] MethodGroupsHelper.sortMethods() took 0 ms.
[INFO ]2024-04-2500:00:44.616[main]org.testng.internal.Utils1)-[Utils] MethodGroupsHelper.collectMethodsByGroup() took 0 ms.
[INFO ]2024-04-2500:00:44.634[main]org.testng.internal.Utils1)-[Utils] MethodGroupsHelper.sortMethods() took 16 ms.
[INFO ]2024-04-2500:00:44.636[main]org.testng.internal.Utils1)-[Utils] MethodGroupsHelper.collectMethodsByGroup() took 0 ms.
[INFO ]2024-04-2500:00:44.637[main]org.testng.internal.Utils1)-[Utils] MethodGroupsHelper.sortMethods() took 0 ms.
[INFO ]2024-04-2500:00:44.638[main]org.testng.internal.Utils1)-[Utils] MethodGroupsHelper.collectMethodsByGroup() took 0 ms.
[INFO ]2024-04-2500:00:44.639[main]org.testng.internal.Utils1)-[Utils] MethodGroupsHelper.sortMethods() took 0 ms.
[INFO ]2024-04-2500:00:44.639[main]org.testng.internal.Utils1)-[Utils] MethodGroupsHelper.collectMethodsByGroup() took 0 ms.
[INFO ]2024-04-2500:00:44.640[main]org.testng.internal.Utils1)-[Utils] MethodGroupsHelper.sortMethods() took 0 ms.
[INFO ]2024-04-2500:00:44.642[main]org.testng.internal.Utils1)-[Utils] MethodGroupsHelper.collectMethodsByGroup() took 0 ms.
[INFO ]2024-04-2500:00:44.642[main]org.testng.internal.Utils1)-[Utils] MethodGroupsHelper.sortMethods() took 0 ms.
[INFO ]2024-04-2500:00:44.643[main]org.testng.internal.Utils1)-[Utils] MethodGroupsHelper.collectMethodsByGroup() took 0 ms.
[INFO ]2024-04-2500:00:44.643[main]org.testng.internal.Utils1)-[Utils] MethodGroupsHelper.sortMethods() took 0 ms.
[INFO ]2024-04-2500:00:44.645[main]org.testng.internal.Utils1)-[Utils] MethodGroupsHelper.collectMethodsByGroup() took 0 ms.
[INFO ]2024-04-2500:00:44.645[main]org.testng.internal.Utils1)-[Utils] MethodGroupsHelper.sortMethods() took 0 ms.
[INFO ]2024-04-2500:00:44.645[main]org.testng.internal.Utils1)-[Utils] MethodGroupsHelper.collectMethodsByGroup() took 0 ms.
[INFO ]2024-04-2500:00:44.645[main]org.testng.internal.Utils1)-[Utils] MethodGroupsHelper.sortMethods() took 0 ms.
[INFO ]2024-04-2500:00:44.653[main]org.testng.internal.Utils1)-[Utils] MethodGroupsHelper.collectMethodsByGroup() took 6 ms.
[INFO ]2024-04-2500:00:44.655[main]org.testng.internal.Utils1)-[Utils] MethodGroupsHelper.sortMethods() took 0 ms.
[INFO ]2024-04-2500:00:44.656[main]org.testng.internal.Utils1)-[Utils] MethodGroupsHelper.collectMethodsByGroup() took 0 ms.
[INFO ]2024-04-2500:00:44.657[main]org.testng.internal.Utils1)-[Utils] MethodGroupsHelper.sortMethods() took 0 ms.
[INFO ]2024-04-2500:00:44.657[main]org.testng.internal.Utils1)-[Utils] MethodGroupsHelper.collectMethodsByGroup() took 0 ms.
[INFO ]2024-04-2500:00:44.657[main]org.testng.internal.Utils1)-[Utils] MethodGroupsHelper.sortMethods() took 0 ms.
[INFO ]2024-04-2500:00:44.670[main]org.testng.internal.Utils1)-[TestNG] Running:
  C:\Users\ishwa\AppData\Local\Temp\testng-eclipse--1034877920\testng-customsuite.xml

[INFO ]2024-04-2500:00:44.719[main]org.testng.internal.Utils1)-[Utils] DynamicGraphHelper.createDynamicGraph() took 12 ms.
[INFO ]2024-04-2500:00:51.267[main]org.testng.internal.Utils1)-[TestNG] Time taken by org.testng.reporters.jq.Main@421ead7e: 72 ms
[INFO ]2024-04-2500:00:51.268[main]org.testng.internal.Utils1)-[TestNG] Time taken by org.testng.reporters.FailedReporter@5dcf0772: 0 ms
[INFO ]2024-04-2500:00:51.282[main]org.testng.internal.Utils1)-[TestNG] Time taken by org.testng.reporters.XMLReporter@64a1116a: 13 ms
[INFO ]2024-04-2500:00:51.291[main]org.testng.internal.Utils1)-[TestNG] Time taken by org.testng.reporters.EmailableReporter2@28b458e6: 9 ms
[INFO ]2024-04-2500:00:51.296[main]org.testng.internal.Utils1)-[TestNG] Time taken by org.testng.reporters.JUnitReportReporter@401788d5: 5 ms
[INFO ]2024-04-2500:00:51.299[main]org.testng.internal.Utils1)-[TestNG] Time taken by org.testng.internal.ExitCodeListener@3ec9f8d: 0 ms
[INFO ]2024-04-2500:02:27.557[main]org.testng.internal.Utils1)-[Utils] MethodGroupsHelper.collectMethodsByGroup() took 1 ms.
[INFO ]2024-04-2500:02:27.567[main]org.testng.internal.Utils1)-[Utils] MethodGroupsHelper.sortMethods() took 2 ms.
[INFO ]2024-04-2500:02:27.569[main]org.testng.internal.Utils1)-[Utils] MethodGroupsHelper.collectMethodsByGroup() took 0 ms.
[INFO ]2024-04-2500:02:27.570[main]org.testng.internal.Utils1)-[Utils] MethodGroupsHelper.sortMethods() took 0 ms.
[INFO ]2024-04-2500:02:27.571[main]org.testng.internal.Utils1)-[Utils] MethodGroupsHelper.collectMethodsByGroup() took 0 ms.
[INFO ]2024-04-2500:02:27.572[main]org.testng.internal.Utils1)-[Utils] MethodGroupsHelper.sortMethods() took 0 ms.
[INFO ]2024-04-2500:02:27.573[main]org.testng.internal.Utils1)-[Utils] MethodGroupsHelper.collectMethodsByGroup() took 0 ms.
[INFO ]2024-04-2500:02:27.573[main]org.testng.internal.Utils1)-[Utils] MethodGroupsHelper.sortMethods() took 0 ms.
[INFO ]2024-04-2500:02:27.576[main]org.testng.internal.Utils1)-[Utils] MethodGroupsHelper.collectMethodsByGroup() took 0 ms.
[INFO ]2024-04-2500:02:27.596[main]org.testng.internal.Utils1)-[Utils] MethodGroupsHelper.sortMethods() took 19 ms.
[INFO ]2024-04-2500:02:27.599[main]org.testng.internal.Utils1)-[Utils] MethodGroupsHelper.collectMethodsByGroup() took 0 ms.
[INFO ]2024-04-2500:02:27.600[main]org.testng.internal.Utils1)-[Utils] MethodGroupsHelper.sortMethods() took 0 ms.
[INFO ]2024-04-2500:02:27.602[main]org.testng.internal.Utils1)-[Utils] MethodGroupsHelper.collectMethodsByGroup() took 0 ms.
[INFO ]2024-04-2500:02:27.602[main]org.testng.internal.Utils1)-[Utils] MethodGroupsHelper.sortMethods() took 0 ms.
[INFO ]2024-04-2500:02:27.603[main]org.testng.internal.Utils1)-[Utils] MethodGroupsHelper.collectMethodsByGroup() took 0 ms.
[INFO ]2024-04-2500:02:27.603[main]org.testng.internal.Utils1)-[Utils] MethodGroupsHelper.sortMethods() took 0 ms.
[INFO ]2024-04-2500:02:27.606[main]org.testng.internal.Utils1)-[Utils] MethodGroupsHelper.collectMethodsByGroup() took 0 ms.
[INFO ]2024-04-2500:02:27.606[main]org.testng.internal.Utils1)-[Utils] MethodGroupsHelper.sortMethods() took 0 ms.
[INFO ]2024-04-2500:02:27.608[main]org.testng.internal.Utils1)-[Utils] MethodGroupsHelper.collectMethodsByGroup() took 0 ms.
[INFO ]2024-04-2500:02:27.610[main]org.testng.internal.Utils1)-[Utils] MethodGroupsHelper.sortMethods() took 0 ms.
[INFO ]2024-04-2500:02:27.611[main]org.testng.internal.Utils1)-[Utils] MethodGroupsHelper.collectMethodsByGroup() took 0 ms.
[INFO ]2024-04-2500:02:27.611[main]org.testng.internal.Utils1)-[Utils] MethodGroupsHelper.sortMethods() took 0 ms.
[INFO ]2024-04-2500:02:27.612[main]org.testng.internal.Utils1)-[Utils] MethodGroupsHelper.collectMethodsByGroup() took 0 ms.
[INFO ]2024-04-2500:02:27.612[main]org.testng.internal.Utils1)-[Utils] MethodGroupsHelper.sortMethods() took 0 ms.
[INFO ]2024-04-2500:02:27.620[main]org.testng.internal.Utils1)-[Utils] MethodGroupsHelper.collectMethodsByGroup() took 6 ms.
[INFO ]2024-04-2500:02:27.621[main]org.testng.internal.Utils1)-[Utils] MethodGroupsHelper.sortMethods() took 1 ms.
[INFO ]2024-04-2500:02:27.625[main]org.testng.internal.Utils1)-[Utils] MethodGroupsHelper.collectMethodsByGroup() took 0 ms.
[INFO ]2024-04-2500:02:27.627[main]org.testng.internal.Utils1)-[Utils] MethodGroupsHelper.sortMethods() took 0 ms.
[INFO ]2024-04-2500:02:27.628[main]org.testng.internal.Utils1)-[Utils] MethodGroupsHelper.collectMethodsByGroup() took 0 ms.
[INFO ]2024-04-2500:02:27.628[main]org.testng.internal.Utils1)-[Utils] MethodGroupsHelper.sortMethods() took 0 ms.
[INFO ]2024-04-2500:02:27.645[main]org.testng.internal.Utils1)-[TestNG] Running:
  C:\Users\ishwa\AppData\Local\Temp\testng-eclipse--1372532568\testng-customsuite.xml

[INFO ]2024-04-2500:02:27.687[main]org.testng.internal.Utils1)-[Utils] DynamicGraphHelper.createDynamicGraph() took 7 ms.
[INFO ]2024-04-2500:02:42.445[main]org.testng.internal.Utils1)-[TestNG] Time taken by org.testng.reporters.jq.Main@2bfc2f8b: 76 ms
[INFO ]2024-04-2500:02:42.477[main]org.testng.internal.Utils1)-[TestNG] Time taken by org.testng.reporters.FailedReporter@6735f210: 31 ms
[INFO ]2024-04-2500:02:42.494[main]org.testng.internal.Utils1)-[TestNG] Time taken by org.testng.reporters.XMLReporter@edb83f8: 17 ms
[INFO ]2024-04-2500:02:42.508[main]org.testng.internal.Utils1)-[TestNG] Time taken by org.testng.reporters.EmailableReporter2@389a5022: 14 ms
[INFO ]2024-04-2500:02:42.519[main]org.testng.internal.Utils1)-[TestNG] Time taken by org.testng.reporters.JUnitReportReporter@41a16eb3: 10 ms
[INFO ]2024-04-2500:02:42.521[main]org.testng.internal.Utils1)-[TestNG] Time taken by org.testng.internal.ExitCodeListener@677cb96e: 0 ms
[INFO ]2024-04-2500:05:35.382[main]org.testng.internal.Utils1)-[Utils] MethodGroupsHelper.collectMethodsByGroup() took 1 ms.
[INFO ]2024-04-2500:05:35.398[main]org.testng.internal.Utils1)-[Utils] MethodGroupsHelper.sortMethods() took 3 ms.
[INFO ]2024-04-2500:05:35.406[main]org.testng.internal.Utils1)-[Utils] MethodGroupsHelper.collectMethodsByGroup() took 0 ms.
[INFO ]2024-04-2500:05:35.407[main]org.testng.internal.Utils1)-[Utils] MethodGroupsHelper.sortMethods() took 0 ms.
[INFO ]2024-04-2500:05:35.408[main]org.testng.internal.Utils1)-[Utils] MethodGroupsHelper.collectMethodsByGroup() took 0 ms.
[INFO ]2024-04-2500:05:35.408[main]org.testng.internal.Utils1)-[Utils] MethodGroupsHelper.sortMethods() took 0 ms.
[INFO ]2024-04-2500:05:35.409[main]org.testng.internal.Utils1)-[Utils] MethodGroupsHelper.collectMethodsByGroup() took 0 ms.
[INFO ]2024-04-2500:05:35.410[main]org.testng.internal.Utils1)-[Utils] MethodGroupsHelper.sortMethods() took 0 ms.
[INFO ]2024-04-2500:05:35.412[main]org.testng.internal.Utils1)-[Utils] MethodGroupsHelper.collectMethodsByGroup() took 0 ms.
[INFO ]2024-04-2500:05:35.432[main]org.testng.internal.Utils1)-[Utils] MethodGroupsHelper.sortMethods() took 18 ms.
[INFO ]2024-04-2500:05:35.434[main]org.testng.internal.Utils1)-[Utils] MethodGroupsHelper.collectMethodsByGroup() took 0 ms.
[INFO ]2024-04-2500:05:35.435[main]org.testng.internal.Utils1)-[Utils] MethodGroupsHelper.sortMethods() took 0 ms.
[INFO ]2024-04-2500:05:35.436[main]org.testng.internal.Utils1)-[Utils] MethodGroupsHelper.collectMethodsByGroup() took 0 ms.
[INFO ]2024-04-2500:05:35.437[main]org.testng.internal.Utils1)-[Utils] MethodGroupsHelper.sortMethods() took 0 ms.
[INFO ]2024-04-2500:05:35.439[main]org.testng.internal.Utils1)-[Utils] MethodGroupsHelper.collectMethodsByGroup() took 0 ms.
[INFO ]2024-04-2500:05:35.441[main]org.testng.internal.Utils1)-[Utils] MethodGroupsHelper.sortMethods() took 0 ms.
[INFO ]2024-04-2500:05:35.448[main]org.testng.internal.Utils1)-[Utils] MethodGroupsHelper.collectMethodsByGroup() took 0 ms.
[INFO ]2024-04-2500:05:35.450[main]org.testng.internal.Utils1)-[Utils] MethodGroupsHelper.sortMethods() took 0 ms.
[INFO ]2024-04-2500:05:35.451[main]org.testng.internal.Utils1)-[Utils] MethodGroupsHelper.collectMethodsByGroup() took 0 ms.
[INFO ]2024-04-2500:05:35.451[main]org.testng.internal.Utils1)-[Utils] MethodGroupsHelper.sortMethods() took 0 ms.
[INFO ]2024-04-2500:05:35.453[main]org.testng.internal.Utils1)-[Utils] MethodGroupsHelper.collectMethodsByGroup() took 0 ms.
[INFO ]2024-04-2500:05:35.453[main]org.testng.internal.Utils1)-[Utils] MethodGroupsHelper.sortMethods() took 0 ms.
[INFO ]2024-04-2500:05:35.454[main]org.testng.internal.Utils1)-[Utils] MethodGroupsHelper.collectMethodsByGroup() took 0 ms.
[INFO ]2024-04-2500:05:35.454[main]org.testng.internal.Utils1)-[Utils] MethodGroupsHelper.sortMethods() took 0 ms.
[INFO ]2024-04-2500:05:35.461[main]org.testng.internal.Utils1)-[Utils] MethodGroupsHelper.collectMethodsByGroup() took 5 ms.
[INFO ]2024-04-2500:05:35.463[main]org.testng.internal.Utils1)-[Utils] MethodGroupsHelper.sortMethods() took 0 ms.
[INFO ]2024-04-2500:05:35.466[main]org.testng.internal.Utils1)-[Utils] MethodGroupsHelper.collectMethodsByGroup() took 0 ms.
[INFO ]2024-04-2500:05:35.467[main]org.testng.internal.Utils1)-[Utils] MethodGroupsHelper.sortMethods() took 0 ms.
[INFO ]2024-04-2500:05:35.470[main]org.testng.internal.Utils1)-[Utils] MethodGroupsHelper.collectMethodsByGroup() took 0 ms.
[INFO ]2024-04-2500:05:35.470[main]org.testng.internal.Utils1)-[Utils] MethodGroupsHelper.sortMethods() took 0 ms.
[INFO ]2024-04-2500:05:35.483[main]org.testng.internal.Utils1)-[TestNG] Running:
  C:\Users\ishwa\AppData\Local\Temp\testng-eclipse-923323771\testng-customsuite.xml

[INFO ]2024-04-2500:05:35.534[main]org.testng.internal.Utils1)-[Utils] DynamicGraphHelper.createDynamicGraph() took 5 ms.
[INFO ]2024-04-2500:05:46.185[main]org.testng.internal.Utils1)-[TestNG] Time taken by org.testng.reporters.jq.Main@2bfc2f8b: 101 ms
[INFO ]2024-04-2500:05:46.204[main]org.testng.internal.Utils1)-[TestNG] Time taken by org.testng.reporters.FailedReporter@6735f210: 18 ms
[INFO ]2024-04-2500:05:46.223[main]org.testng.internal.Utils1)-[TestNG] Time taken by org.testng.reporters.XMLReporter@edb83f8: 17 ms
[INFO ]2024-04-2500:05:46.241[main]org.testng.internal.Utils1)-[TestNG] Time taken by org.testng.reporters.EmailableReporter2@389a5022: 17 ms
[INFO ]2024-04-2500:05:46.270[main]org.testng.internal.Utils1)-[TestNG] Time taken by org.testng.reporters.JUnitReportReporter@41a16eb3: 29 ms
[INFO ]2024-04-2500:05:46.277[main]org.testng.internal.Utils1)-[TestNG] Time taken by org.testng.internal.ExitCodeListener@677cb96e: 1 ms
[INFO ]2024-04-2500:09:06.962[main]org.testng.internal.Utils1)-[Utils] MethodGroupsHelper.collectMethodsByGroup() took 0 ms.
[INFO ]2024-04-2500:09:06.969[main]org.testng.internal.Utils1)-[Utils] MethodGroupsHelper.sortMethods() took 2 ms.
[INFO ]2024-04-2500:09:06.971[main]org.testng.internal.Utils1)-[Utils] MethodGroupsHelper.collectMethodsByGroup() took 0 ms.
[INFO ]2024-04-2500:09:06.971[main]org.testng.internal.Utils1)-[Utils] MethodGroupsHelper.sortMethods() took 0 ms.
[INFO ]2024-04-2500:09:06.973[main]org.testng.internal.Utils1)-[Utils] MethodGroupsHelper.collectMethodsByGroup() took 0 ms.
[INFO ]2024-04-2500:09:06.973[main]org.testng.internal.Utils1)-[Utils] MethodGroupsHelper.sortMethods() took 0 ms.
[INFO ]2024-04-2500:09:06.974[main]org.testng.internal.Utils1)-[Utils] MethodGroupsHelper.collectMethodsByGroup() took 0 ms.
[INFO ]2024-04-2500:09:06.974[main]org.testng.internal.Utils1)-[Utils] MethodGroupsHelper.sortMethods() took 0 ms.
[INFO ]2024-04-2500:09:06.976[main]org.testng.internal.Utils1)-[Utils] MethodGroupsHelper.collectMethodsByGroup() took 0 ms.
[INFO ]2024-04-2500:09:06.995[main]org.testng.internal.Utils1)-[Utils] MethodGroupsHelper.sortMethods() took 19 ms.
[INFO ]2024-04-2500:09:06.997[main]org.testng.internal.Utils1)-[Utils] MethodGroupsHelper.collectMethodsByGroup() took 0 ms.
[INFO ]2024-04-2500:09:06.998[main]org.testng.internal.Utils1)-[Utils] MethodGroupsHelper.sortMethods() took 0 ms.
[INFO ]2024-04-2500:09:07.000[main]org.testng.internal.Utils1)-[Utils] MethodGroupsHelper.collectMethodsByGroup() took 0 ms.
[INFO ]2024-04-2500:09:07.000[main]org.testng.internal.Utils1)-[Utils] MethodGroupsHelper.sortMethods() took 0 ms.
[INFO ]2024-04-2500:09:07.001[main]org.testng.internal.Utils1)-[Utils] MethodGroupsHelper.collectMethodsByGroup() took 0 ms.
[INFO ]2024-04-2500:09:07.002[main]org.testng.internal.Utils1)-[Utils] MethodGroupsHelper.sortMethods() took 0 ms.
[INFO ]2024-04-2500:09:07.004[main]org.testng.internal.Utils1)-[Utils] MethodGroupsHelper.collectMethodsByGroup() took 0 ms.
[INFO ]2024-04-2500:09:07.005[main]org.testng.internal.Utils1)-[Utils] MethodGroupsHelper.sortMethods() took 0 ms.
[INFO ]2024-04-2500:09:07.007[main]org.testng.internal.Utils1)-[Utils] MethodGroupsHelper.collectMethodsByGroup() took 0 ms.
[INFO ]2024-04-2500:09:07.007[main]org.testng.internal.Utils1)-[Utils] MethodGroupsHelper.sortMethods() took 0 ms.
[INFO ]2024-04-2500:09:07.008[main]org.testng.internal.Utils1)-[Utils] MethodGroupsHelper.collectMethodsByGroup() took 0 ms.
[INFO ]2024-04-2500:09:07.009[main]org.testng.internal.Utils1)-[Utils] MethodGroupsHelper.sortMethods() took 0 ms.
[INFO ]2024-04-2500:09:07.009[main]org.testng.internal.Utils1)-[Utils] MethodGroupsHelper.collectMethodsByGroup() took 0 ms.
[INFO ]2024-04-2500:09:07.009[main]org.testng.internal.Utils1)-[Utils] MethodGroupsHelper.sortMethods() took 0 ms.
[INFO ]2024-04-2500:09:07.015[main]org.testng.internal.Utils1)-[Utils] MethodGroupsHelper.collectMethodsByGroup() took 4 ms.
[INFO ]2024-04-2500:09:07.015[main]org.testng.internal.Utils1)-[Utils] MethodGroupsHelper.sortMethods() took 0 ms.
[INFO ]2024-04-2500:09:07.018[main]org.testng.internal.Utils1)-[Utils] MethodGroupsHelper.collectMethodsByGroup() took 0 ms.
[INFO ]2024-04-2500:09:07.018[main]org.testng.internal.Utils1)-[Utils] MethodGroupsHelper.sortMethods() took 0 ms.
[INFO ]2024-04-2500:09:07.019[main]org.testng.internal.Utils1)-[Utils] MethodGroupsHelper.collectMethodsByGroup() took 0 ms.
[INFO ]2024-04-2500:09:07.019[main]org.testng.internal.Utils1)-[Utils] MethodGroupsHelper.sortMethods() took 0 ms.
[INFO ]2024-04-2500:09:07.036[main]org.testng.internal.Utils1)-[TestNG] Running:
  C:\Users\ishwa\AppData\Local\Temp\testng-eclipse--14406701\testng-customsuite.xml

[INFO ]2024-04-2500:09:07.086[main]org.testng.internal.Utils1)-[Utils] DynamicGraphHelper.createDynamicGraph() took 10 ms.
[INFO ]2024-04-2500:09:27.265[main]org.testng.internal.Utils1)-[TestNG] Time taken by org.testng.reporters.jq.Main@1e721583: 94 ms
[INFO ]2024-04-2500:09:27.308[main]org.testng.internal.Utils1)-[TestNG] Time taken by org.testng.reporters.FailedReporter@51fe7f15: 42 ms
[INFO ]2024-04-2500:09:27.328[main]org.testng.internal.Utils1)-[TestNG] Time taken by org.testng.reporters.XMLReporter@2dcd0e41: 20 ms
[INFO ]2024-04-2500:09:27.340[main]org.testng.internal.Utils1)-[TestNG] Time taken by org.testng.reporters.EmailableReporter2@539316bb: 11 ms
[INFO ]2024-04-2500:09:27.352[main]org.testng.internal.Utils1)-[TestNG] Time taken by org.testng.reporters.JUnitReportReporter@52bba91a: 10 ms
[INFO ]2024-04-2500:09:27.352[main]org.testng.internal.Utils1)-[TestNG] Time taken by org.testng.internal.ExitCodeListener@1689527c: 0 ms
[INFO ]2024-04-2500:17:04.054[main]org.testng.internal.Utils1)-[Utils] MethodGroupsHelper.collectMethodsByGroup() took 1 ms.
[INFO ]2024-04-2500:17:04.064[main]org.testng.internal.Utils1)-[Utils] MethodGroupsHelper.sortMethods() took 1 ms.
[INFO ]2024-04-2500:17:04.067[main]org.testng.internal.Utils1)-[Utils] MethodGroupsHelper.collectMethodsByGroup() took 0 ms.
[INFO ]2024-04-2500:17:04.067[main]org.testng.internal.Utils1)-[Utils] MethodGroupsHelper.sortMethods() took 0 ms.
[INFO ]2024-04-2500:17:04.068[main]org.testng.internal.Utils1)-[Utils] MethodGroupsHelper.collectMethodsByGroup() took 0 ms.
[INFO ]2024-04-2500:17:04.069[main]org.testng.internal.Utils1)-[Utils] MethodGroupsHelper.sortMethods() took 0 ms.
[INFO ]2024-04-2500:17:04.071[main]org.testng.internal.Utils1)-[Utils] MethodGroupsHelper.collectMethodsByGroup() took 0 ms.
[INFO ]2024-04-2500:17:04.071[main]org.testng.internal.Utils1)-[Utils] MethodGroupsHelper.sortMethods() took 0 ms.
[INFO ]2024-04-2500:17:04.073[main]org.testng.internal.Utils1)-[Utils] MethodGroupsHelper.collectMethodsByGroup() took 0 ms.
[INFO ]2024-04-2500:17:04.087[main]org.testng.internal.Utils1)-[Utils] MethodGroupsHelper.sortMethods() took 12 ms.
[INFO ]2024-04-2500:17:04.089[main]org.testng.internal.Utils1)-[Utils] MethodGroupsHelper.collectMethodsByGroup() took 0 ms.
[INFO ]2024-04-2500:17:04.090[main]org.testng.internal.Utils1)-[Utils] MethodGroupsHelper.sortMethods() took 0 ms.
[INFO ]2024-04-2500:17:04.092[main]org.testng.internal.Utils1)-[Utils] MethodGroupsHelper.collectMethodsByGroup() took 0 ms.
[INFO ]2024-04-2500:17:04.092[main]org.testng.internal.Utils1)-[Utils] MethodGroupsHelper.sortMethods() took 0 ms.
[INFO ]2024-04-2500:17:04.094[main]org.testng.internal.Utils1)-[Utils] MethodGroupsHelper.collectMethodsByGroup() took 0 ms.
[INFO ]2024-04-2500:17:04.094[main]org.testng.internal.Utils1)-[Utils] MethodGroupsHelper.sortMethods() took 0 ms.
[INFO ]2024-04-2500:17:04.096[main]org.testng.internal.Utils1)-[Utils] MethodGroupsHelper.collectMethodsByGroup() took 0 ms.
[INFO ]2024-04-2500:17:04.096[main]org.testng.internal.Utils1)-[Utils] MethodGroupsHelper.sortMethods() took 0 ms.
[INFO ]2024-04-2500:17:04.097[main]org.testng.internal.Utils1)-[Utils] MethodGroupsHelper.collectMethodsByGroup() took 0 ms.
[INFO ]2024-04-2500:17:04.098[main]org.testng.internal.Utils1)-[Utils] MethodGroupsHelper.sortMethods() took 0 ms.
[INFO ]2024-04-2500:17:04.099[main]org.testng.internal.Utils1)-[Utils] MethodGroupsHelper.collectMethodsByGroup() took 0 ms.
[INFO ]2024-04-2500:17:04.099[main]org.testng.internal.Utils1)-[Utils] MethodGroupsHelper.sortMethods() took 0 ms.
[INFO ]2024-04-2500:17:04.100[main]org.testng.internal.Utils1)-[Utils] MethodGroupsHelper.collectMethodsByGroup() took 0 ms.
[INFO ]2024-04-2500:17:04.101[main]org.testng.internal.Utils1)-[Utils] MethodGroupsHelper.sortMethods() took 0 ms.
[INFO ]2024-04-2500:17:04.112[main]org.testng.internal.Utils1)-[Utils] MethodGroupsHelper.collectMethodsByGroup() took 10 ms.
[INFO ]2024-04-2500:17:04.114[main]org.testng.internal.Utils1)-[Utils] MethodGroupsHelper.sortMethods() took 0 ms.
[INFO ]2024-04-2500:17:04.116[main]org.testng.internal.Utils1)-[Utils] MethodGroupsHelper.collectMethodsByGroup() took 0 ms.
[INFO ]2024-04-2500:17:04.117[main]org.testng.internal.Utils1)-[Utils] MethodGroupsHelper.sortMethods() took 0 ms.
[INFO ]2024-04-2500:17:04.117[main]org.testng.internal.Utils1)-[Utils] MethodGroupsHelper.collectMethodsByGroup() took 0 ms.
[INFO ]2024-04-2500:17:04.117[main]org.testng.internal.Utils1)-[Utils] MethodGroupsHelper.sortMethods() took 0 ms.
[INFO ]2024-04-2500:17:04.131[main]org.testng.internal.Utils1)-[TestNG] Running:
  C:\Users\ishwa\AppData\Local\Temp\testng-eclipse--868106502\testng-customsuite.xml

[INFO ]2024-04-2500:17:04.176[main]org.testng.internal.Utils1)-[Utils] DynamicGraphHelper.createDynamicGraph() took 5 ms.
[INFO ]2024-04-2500:17:15.440[main]org.testng.internal.Utils1)-[TestNG] Time taken by org.testng.reporters.jq.Main@987a0bb: 109 ms
[INFO ]2024-04-2500:17:15.463[main]org.testng.internal.Utils1)-[TestNG] Time taken by org.testng.reporters.FailedReporter@61853c7e: 23 ms
[INFO ]2024-04-2500:17:15.487[main]org.testng.internal.Utils1)-[TestNG] Time taken by org.testng.reporters.XMLReporter@5323999f: 21 ms
[INFO ]2024-04-2500:17:15.503[main]org.testng.internal.Utils1)-[TestNG] Time taken by org.testng.reporters.EmailableReporter2@6df11e91: 16 ms
[INFO ]2024-04-2500:17:15.522[main]org.testng.internal.Utils1)-[TestNG] Time taken by org.testng.reporters.JUnitReportReporter@4044589a: 18 ms
[INFO ]2024-04-2500:17:15.523[main]org.testng.internal.Utils1)-[TestNG] Time taken by org.testng.internal.ExitCodeListener@7de35070: 0 ms
[INFO ]2024-04-2500:19:17.269[main]org.testng.internal.Utils1)-[Utils] MethodGroupsHelper.collectMethodsByGroup() took 0 ms.
[INFO ]2024-04-2500:19:17.282[main]org.testng.internal.Utils1)-[Utils] MethodGroupsHelper.sortMethods() took 2 ms.
[INFO ]2024-04-2500:19:17.285[main]org.testng.internal.Utils1)-[Utils] MethodGroupsHelper.collectMethodsByGroup() took 0 ms.
[INFO ]2024-04-2500:19:17.286[main]org.testng.internal.Utils1)-[Utils] MethodGroupsHelper.sortMethods() took 0 ms.
[INFO ]2024-04-2500:19:17.288[main]org.testng.internal.Utils1)-[Utils] MethodGroupsHelper.collectMethodsByGroup() took 0 ms.
[INFO ]2024-04-2500:19:17.289[main]org.testng.internal.Utils1)-[Utils] MethodGroupsHelper.sortMethods() took 0 ms.
[INFO ]2024-04-2500:19:17.291[main]org.testng.internal.Utils1)-[Utils] MethodGroupsHelper.collectMethodsByGroup() took 0 ms.
[INFO ]2024-04-2500:19:17.291[main]org.testng.internal.Utils1)-[Utils] MethodGroupsHelper.sortMethods() took 0 ms.
[INFO ]2024-04-2500:19:17.295[main]org.testng.internal.Utils1)-[Utils] MethodGroupsHelper.collectMethodsByGroup() took 0 ms.
[INFO ]2024-04-2500:19:17.308[main]org.testng.internal.Utils1)-[Utils] MethodGroupsHelper.sortMethods() took 13 ms.
[INFO ]2024-04-2500:19:17.312[main]org.testng.internal.Utils1)-[Utils] MethodGroupsHelper.collectMethodsByGroup() took 0 ms.
[INFO ]2024-04-2500:19:17.313[main]org.testng.internal.Utils1)-[Utils] MethodGroupsHelper.sortMethods() took 1 ms.
[INFO ]2024-04-2500:19:17.317[main]org.testng.internal.Utils1)-[Utils] MethodGroupsHelper.collectMethodsByGroup() took 0 ms.
[INFO ]2024-04-2500:19:17.317[main]org.testng.internal.Utils1)-[Utils] MethodGroupsHelper.sortMethods() took 0 ms.
[INFO ]2024-04-2500:19:17.318[main]org.testng.internal.Utils1)-[Utils] MethodGroupsHelper.collectMethodsByGroup() took 0 ms.
[INFO ]2024-04-2500:19:17.318[main]org.testng.internal.Utils1)-[Utils] MethodGroupsHelper.sortMethods() took 0 ms.
[INFO ]2024-04-2500:19:17.321[main]org.testng.internal.Utils1)-[Utils] MethodGroupsHelper.collectMethodsByGroup() took 0 ms.
[INFO ]2024-04-2500:19:17.321[main]org.testng.internal.Utils1)-[Utils] MethodGroupsHelper.sortMethods() took 0 ms.
[INFO ]2024-04-2500:19:17.322[main]org.testng.internal.Utils1)-[Utils] MethodGroupsHelper.collectMethodsByGroup() took 0 ms.
[INFO ]2024-04-2500:19:17.322[main]org.testng.internal.Utils1)-[Utils] MethodGroupsHelper.sortMethods() took 0 ms.
[INFO ]2024-04-2500:19:17.322[main]org.testng.internal.Utils1)-[Utils] MethodGroupsHelper.collectMethodsByGroup() took 0 ms.
[INFO ]2024-04-2500:19:17.324[main]org.testng.internal.Utils1)-[Utils] MethodGroupsHelper.sortMethods() took 0 ms.
[INFO ]2024-04-2500:19:17.324[main]org.testng.internal.Utils1)-[Utils] MethodGroupsHelper.collectMethodsByGroup() took 0 ms.
[INFO ]2024-04-2500:19:17.325[main]org.testng.internal.Utils1)-[Utils] MethodGroupsHelper.sortMethods() took 0 ms.
[INFO ]2024-04-2500:19:17.332[main]org.testng.internal.Utils1)-[Utils] MethodGroupsHelper.collectMethodsByGroup() took 6 ms.
[INFO ]2024-04-2500:19:17.332[main]org.testng.internal.Utils1)-[Utils] MethodGroupsHelper.sortMethods() took 0 ms.
[INFO ]2024-04-2500:19:17.334[main]org.testng.internal.Utils1)-[Utils] MethodGroupsHelper.collectMethodsByGroup() took 0 ms.
[INFO ]2024-04-2500:19:17.334[main]org.testng.internal.Utils1)-[Utils] MethodGroupsHelper.sortMethods() took 0 ms.
[INFO ]2024-04-2500:19:17.334[main]org.testng.internal.Utils1)-[Utils] MethodGroupsHelper.collectMethodsByGroup() took 0 ms.
[INFO ]2024-04-2500:19:17.335[main]org.testng.internal.Utils1)-[Utils] MethodGroupsHelper.sortMethods() took 0 ms.
[INFO ]2024-04-2500:19:17.352[main]org.testng.internal.Utils1)-[TestNG] Running:
  C:\Users\ishwa\AppData\Local\Temp\testng-eclipse--636671555\testng-customsuite.xml

[INFO ]2024-04-2500:19:17.394[main]org.testng.internal.Utils1)-[Utils] DynamicGraphHelper.createDynamicGraph() took 9 ms.
[INFO ]2024-04-2500:19:26.661[main]org.testng.internal.Utils1)-[TestNG] Time taken by org.testng.reporters.jq.Main@32e5af53: 102 ms
[INFO ]2024-04-2500:19:26.688[main]org.testng.internal.Utils1)-[TestNG] Time taken by org.testng.reporters.FailedReporter@372954e1: 25 ms
[INFO ]2024-04-2500:19:26.707[main]org.testng.internal.Utils1)-[TestNG] Time taken by org.testng.reporters.XMLReporter@541d4d9f: 19 ms
[INFO ]2024-04-2500:19:26.724[main]org.testng.internal.Utils1)-[TestNG] Time taken by org.testng.reporters.EmailableReporter2@5b44318: 17 ms
[INFO ]2024-04-2500:19:26.735[main]org.testng.internal.Utils1)-[TestNG] Time taken by org.testng.reporters.JUnitReportReporter@1b1252c8: 11 ms
[INFO ]2024-04-2500:19:26.735[main]org.testng.internal.Utils1)-[TestNG] Time taken by org.testng.internal.ExitCodeListener@19d53ab4: 0 ms
[INFO ]2024-04-2500:29:56.827[main]org.testng.internal.Utils1)-[Utils] MethodGroupsHelper.collectMethodsByGroup() took 1 ms.
[INFO ]2024-04-2500:29:56.835[main]org.testng.internal.Utils1)-[Utils] MethodGroupsHelper.sortMethods() took 2 ms.
[INFO ]2024-04-2500:29:56.838[main]org.testng.internal.Utils1)-[Utils] MethodGroupsHelper.collectMethodsByGroup() took 0 ms.
[INFO ]2024-04-2500:29:56.839[main]org.testng.internal.Utils1)-[Utils] MethodGroupsHelper.sortMethods() took 0 ms.
[INFO ]2024-04-2500:29:56.841[main]org.testng.internal.Utils1)-[Utils] MethodGroupsHelper.collectMethodsByGroup() took 0 ms.
[INFO ]2024-04-2500:29:56.841[main]org.testng.internal.Utils1)-[Utils] MethodGroupsHelper.sortMethods() took 0 ms.
[INFO ]2024-04-2500:29:56.843[main]org.testng.internal.Utils1)-[Utils] MethodGroupsHelper.collectMethodsByGroup() took 0 ms.
[INFO ]2024-04-2500:29:56.844[main]org.testng.internal.Utils1)-[Utils] MethodGroupsHelper.sortMethods() took 0 ms.
[INFO ]2024-04-2500:29:56.847[main]org.testng.internal.Utils1)-[Utils] MethodGroupsHelper.collectMethodsByGroup() took 0 ms.
[INFO ]2024-04-2500:29:56.863[main]org.testng.internal.Utils1)-[Utils] MethodGroupsHelper.sortMethods() took 14 ms.
[INFO ]2024-04-2500:29:56.867[main]org.testng.internal.Utils1)-[Utils] MethodGroupsHelper.collectMethodsByGroup() took 0 ms.
[INFO ]2024-04-2500:29:56.869[main]org.testng.internal.Utils1)-[Utils] MethodGroupsHelper.sortMethods() took 0 ms.
[INFO ]2024-04-2500:29:56.871[main]org.testng.internal.Utils1)-[Utils] MethodGroupsHelper.collectMethodsByGroup() took 0 ms.
[INFO ]2024-04-2500:29:56.872[main]org.testng.internal.Utils1)-[Utils] MethodGroupsHelper.sortMethods() took 0 ms.
[INFO ]2024-04-2500:29:56.875[main]org.testng.internal.Utils1)-[Utils] MethodGroupsHelper.collectMethodsByGroup() took 0 ms.
[INFO ]2024-04-2500:29:56.875[main]org.testng.internal.Utils1)-[Utils] MethodGroupsHelper.sortMethods() took 0 ms.
[INFO ]2024-04-2500:29:56.879[main]org.testng.internal.Utils1)-[Utils] MethodGroupsHelper.collectMethodsByGroup() took 0 ms.
[INFO ]2024-04-2500:29:56.879[main]org.testng.internal.Utils1)-[Utils] MethodGroupsHelper.sortMethods() took 0 ms.
[INFO ]2024-04-2500:29:56.880[main]org.testng.internal.Utils1)-[Utils] MethodGroupsHelper.collectMethodsByGroup() took 0 ms.
[INFO ]2024-04-2500:29:56.881[main]org.testng.internal.Utils1)-[Utils] MethodGroupsHelper.sortMethods() took 0 ms.
[INFO ]2024-04-2500:29:56.883[main]org.testng.internal.Utils1)-[Utils] MethodGroupsHelper.collectMethodsByGroup() took 0 ms.
[INFO ]2024-04-2500:29:56.885[main]org.testng.internal.Utils1)-[Utils] MethodGroupsHelper.sortMethods() took 0 ms.
[INFO ]2024-04-2500:29:56.885[main]org.testng.internal.Utils1)-[Utils] MethodGroupsHelper.collectMethodsByGroup() took 0 ms.
[INFO ]2024-04-2500:29:56.885[main]org.testng.internal.Utils1)-[Utils] MethodGroupsHelper.sortMethods() took 0 ms.
[INFO ]2024-04-2500:29:56.894[main]org.testng.internal.Utils1)-[Utils] MethodGroupsHelper.collectMethodsByGroup() took 6 ms.
[INFO ]2024-04-2500:29:56.894[main]org.testng.internal.Utils1)-[Utils] MethodGroupsHelper.sortMethods() took 0 ms.
[INFO ]2024-04-2500:29:56.896[main]org.testng.internal.Utils1)-[Utils] MethodGroupsHelper.collectMethodsByGroup() took 0 ms.
[INFO ]2024-04-2500:29:56.896[main]org.testng.internal.Utils1)-[Utils] MethodGroupsHelper.sortMethods() took 0 ms.
[INFO ]2024-04-2500:29:56.897[main]org.testng.internal.Utils1)-[Utils] MethodGroupsHelper.collectMethodsByGroup() took 0 ms.
[INFO ]2024-04-2500:29:56.897[main]org.testng.internal.Utils1)-[Utils] MethodGroupsHelper.sortMethods() took 0 ms.
[INFO ]2024-04-2500:29:56.911[main]org.testng.internal.Utils1)-[TestNG] Running:
  C:\Users\ishwa\AppData\Local\Temp\testng-eclipse-682137640\testng-customsuite.xml

[INFO ]2024-04-2500:29:56.961[main]org.testng.internal.Utils1)-[Utils] DynamicGraphHelper.createDynamicGraph() took 9 ms.
[INFO ]2024-04-2500:29:58.286[main]app_hooks.DriverManager1)-Launching chrome
[INFO ]2024-04-2500:30:02.338[main]org.testng.internal.Utils1)-[TestNG] Time taken by org.testng.reporters.jq.Main@421ead7e: 93 ms
[INFO ]2024-04-2500:30:02.339[main]org.testng.internal.Utils1)-[TestNG] Time taken by org.testng.reporters.FailedReporter@5dcf0772: 1 ms
[INFO ]2024-04-2500:30:02.358[main]org.testng.internal.Utils1)-[TestNG] Time taken by org.testng.reporters.XMLReporter@64a1116a: 18 ms
[INFO ]2024-04-2500:30:02.367[main]org.testng.internal.Utils1)-[TestNG] Time taken by org.testng.reporters.EmailableReporter2@28b458e6: 8 ms
[INFO ]2024-04-2500:30:02.378[main]org.testng.internal.Utils1)-[TestNG] Time taken by org.testng.reporters.JUnitReportReporter@401788d5: 11 ms
[INFO ]2024-04-2500:30:02.378[main]org.testng.internal.Utils1)-[TestNG] Time taken by org.testng.internal.ExitCodeListener@3ec9f8d: 0 ms
[INFO ]2024-04-2500:33:13.499[main]org.testng.internal.Utils1)-[Utils] MethodGroupsHelper.collectMethodsByGroup() took 0 ms.
[INFO ]2024-04-2500:33:13.505[main]org.testng.internal.Utils1)-[Utils] MethodGroupsHelper.sortMethods() took 1 ms.
[INFO ]2024-04-2500:33:13.507[main]org.testng.internal.Utils1)-[Utils] MethodGroupsHelper.collectMethodsByGroup() took 0 ms.
[INFO ]2024-04-2500:33:13.507[main]org.testng.internal.Utils1)-[Utils] MethodGroupsHelper.sortMethods() took 0 ms.
[INFO ]2024-04-2500:33:13.509[main]org.testng.internal.Utils1)-[Utils] MethodGroupsHelper.collectMethodsByGroup() took 0 ms.
[INFO ]2024-04-2500:33:13.509[main]org.testng.internal.Utils1)-[Utils] MethodGroupsHelper.sortMethods() took 0 ms.
[INFO ]2024-04-2500:33:13.511[main]org.testng.internal.Utils1)-[Utils] MethodGroupsHelper.collectMethodsByGroup() took 0 ms.
[INFO ]2024-04-2500:33:13.512[main]org.testng.internal.Utils1)-[Utils] MethodGroupsHelper.sortMethods() took 0 ms.
[INFO ]2024-04-2500:33:13.515[main]org.testng.internal.Utils1)-[Utils] MethodGroupsHelper.collectMethodsByGroup() took 0 ms.
[INFO ]2024-04-2500:33:13.530[main]org.testng.internal.Utils1)-[Utils] MethodGroupsHelper.sortMethods() took 15 ms.
[INFO ]2024-04-2500:33:13.533[main]org.testng.internal.Utils1)-[Utils] MethodGroupsHelper.collectMethodsByGroup() took 0 ms.
[INFO ]2024-04-2500:33:13.534[main]org.testng.internal.Utils1)-[Utils] MethodGroupsHelper.sortMethods() took 0 ms.
[INFO ]2024-04-2500:33:13.539[main]org.testng.internal.Utils1)-[Utils] MethodGroupsHelper.collectMethodsByGroup() took 0 ms.
[INFO ]2024-04-2500:33:13.539[main]org.testng.internal.Utils1)-[Utils] MethodGroupsHelper.sortMethods() took 0 ms.
[INFO ]2024-04-2500:33:13.540[main]org.testng.internal.Utils1)-[Utils] MethodGroupsHelper.collectMethodsByGroup() took 0 ms.
[INFO ]2024-04-2500:33:13.540[main]org.testng.internal.Utils1)-[Utils] MethodGroupsHelper.sortMethods() took 0 ms.
[INFO ]2024-04-2500:33:13.547[main]org.testng.internal.Utils1)-[Utils] MethodGroupsHelper.collectMethodsByGroup() took 0 ms.
[INFO ]2024-04-2500:33:13.548[main]org.testng.internal.Utils1)-[Utils] MethodGroupsHelper.sortMethods() took 0 ms.
[INFO ]2024-04-2500:33:13.549[main]org.testng.internal.Utils1)-[Utils] MethodGroupsHelper.collectMethodsByGroup() took 0 ms.
[INFO ]2024-04-2500:33:13.549[main]org.testng.internal.Utils1)-[Utils] MethodGroupsHelper.sortMethods() took 0 ms.
[INFO ]2024-04-2500:33:13.550[main]org.testng.internal.Utils1)-[Utils] MethodGroupsHelper.collectMethodsByGroup() took 0 ms.
[INFO ]2024-04-2500:33:13.551[main]org.testng.internal.Utils1)-[Utils] MethodGroupsHelper.sortMethods() took 0 ms.
[INFO ]2024-04-2500:33:13.552[main]org.testng.internal.Utils1)-[Utils] MethodGroupsHelper.collectMethodsByGroup() took 0 ms.
[INFO ]2024-04-2500:33:13.553[main]org.testng.internal.Utils1)-[Utils] MethodGroupsHelper.sortMethods() took 0 ms.
[INFO ]2024-04-2500:33:13.566[main]org.testng.internal.Utils1)-[Utils] MethodGroupsHelper.collectMethodsByGroup() took 9 ms.
[INFO ]2024-04-2500:33:13.567[main]org.testng.internal.Utils1)-[Utils] MethodGroupsHelper.sortMethods() took 1 ms.
[INFO ]2024-04-2500:33:13.569[main]org.testng.internal.Utils1)-[Utils] MethodGroupsHelper.collectMethodsByGroup() took 0 ms.
[INFO ]2024-04-2500:33:13.570[main]org.testng.internal.Utils1)-[Utils] MethodGroupsHelper.sortMethods() took 0 ms.
[INFO ]2024-04-2500:33:13.571[main]org.testng.internal.Utils1)-[Utils] MethodGroupsHelper.collectMethodsByGroup() took 0 ms.
[INFO ]2024-04-2500:33:13.572[main]org.testng.internal.Utils1)-[Utils] MethodGroupsHelper.sortMethods() took 0 ms.
[INFO ]2024-04-2500:33:13.588[main]org.testng.internal.Utils1)-[TestNG] Running:
  C:\Users\ishwa\AppData\Local\Temp\testng-eclipse--976790703\testng-customsuite.xml

[INFO ]2024-04-2500:33:13.666[main]org.testng.internal.Utils1)-[Utils] DynamicGraphHelper.createDynamicGraph() took 7 ms.
[INFO ]2024-04-2500:33:15.026[main]app_hooks.DriverManager1)-Launching chrome
[INFO ]2024-04-2500:33:20.293[main]org.testng.internal.Utils1)-[TestNG] Time taken by org.testng.reporters.jq.Main@10131289: 132 ms
[INFO ]2024-04-2500:33:20.295[main]org.testng.internal.Utils1)-[TestNG] Time taken by org.testng.reporters.FailedReporter@c5e69a5: 0 ms
[INFO ]2024-04-2500:33:20.307[main]org.testng.internal.Utils1)-[TestNG] Time taken by org.testng.reporters.XMLReporter@28b458e6: 12 ms
[INFO ]2024-04-2500:33:20.317[main]org.testng.internal.Utils1)-[TestNG] Time taken by org.testng.reporters.EmailableReporter2@701c223a: 9 ms
[INFO ]2024-04-2500:33:20.323[main]org.testng.internal.Utils1)-[TestNG] Time taken by org.testng.reporters.JUnitReportReporter@44dd0d38: 5 ms
[INFO ]2024-04-2500:33:20.324[main]org.testng.internal.Utils1)-[TestNG] Time taken by org.testng.internal.ExitCodeListener@7e94e331: 0 ms
[INFO ]2024-04-2500:40:48.733[main]org.testng.internal.Utils1)-[Utils] MethodGroupsHelper.collectMethodsByGroup() took 2 ms.
[INFO ]2024-04-2500:40:48.742[main]org.testng.internal.Utils1)-[Utils] MethodGroupsHelper.sortMethods() took 3 ms.
[INFO ]2024-04-2500:40:48.745[main]org.testng.internal.Utils1)-[Utils] MethodGroupsHelper.collectMethodsByGroup() took 0 ms.
[INFO ]2024-04-2500:40:48.746[main]org.testng.internal.Utils1)-[Utils] MethodGroupsHelper.sortMethods() took 0 ms.
[INFO ]2024-04-2500:40:48.747[main]org.testng.internal.Utils1)-[Utils] MethodGroupsHelper.collectMethodsByGroup() took 0 ms.
[INFO ]2024-04-2500:40:48.748[main]org.testng.internal.Utils1)-[Utils] MethodGroupsHelper.sortMethods() took 0 ms.
[INFO ]2024-04-2500:40:48.751[main]org.testng.internal.Utils1)-[Utils] MethodGroupsHelper.collectMethodsByGroup() took 0 ms.
[INFO ]2024-04-2500:40:48.753[main]org.testng.internal.Utils1)-[Utils] MethodGroupsHelper.sortMethods() took 0 ms.
[INFO ]2024-04-2500:40:48.756[main]org.testng.internal.Utils1)-[Utils] MethodGroupsHelper.collectMethodsByGroup() took 0 ms.
[INFO ]2024-04-2500:40:48.773[main]org.testng.internal.Utils1)-[Utils] MethodGroupsHelper.sortMethods() took 15 ms.
[INFO ]2024-04-2500:40:48.775[main]org.testng.internal.Utils1)-[Utils] MethodGroupsHelper.collectMethodsByGroup() took 0 ms.
[INFO ]2024-04-2500:40:48.776[main]org.testng.internal.Utils1)-[Utils] MethodGroupsHelper.sortMethods() took 0 ms.
[INFO ]2024-04-2500:40:48.778[main]org.testng.internal.Utils1)-[Utils] MethodGroupsHelper.collectMethodsByGroup() took 0 ms.
[INFO ]2024-04-2500:40:48.779[main]org.testng.internal.Utils1)-[Utils] MethodGroupsHelper.sortMethods() took 0 ms.
[INFO ]2024-04-2500:40:48.781[main]org.testng.internal.Utils1)-[Utils] MethodGroupsHelper.collectMethodsByGroup() took 0 ms.
[INFO ]2024-04-2500:40:48.781[main]org.testng.internal.Utils1)-[Utils] MethodGroupsHelper.sortMethods() took 0 ms.
[INFO ]2024-04-2500:40:48.784[main]org.testng.internal.Utils1)-[Utils] MethodGroupsHelper.collectMethodsByGroup() took 0 ms.
[INFO ]2024-04-2500:40:48.785[main]org.testng.internal.Utils1)-[Utils] MethodGroupsHelper.sortMethods() took 0 ms.
[INFO ]2024-04-2500:40:48.787[main]org.testng.internal.Utils1)-[Utils] MethodGroupsHelper.collectMethodsByGroup() took 0 ms.
[INFO ]2024-04-2500:40:48.787[main]org.testng.internal.Utils1)-[Utils] MethodGroupsHelper.sortMethods() took 0 ms.
[INFO ]2024-04-2500:40:48.790[main]org.testng.internal.Utils1)-[Utils] MethodGroupsHelper.collectMethodsByGroup() took 0 ms.
[INFO ]2024-04-2500:40:48.790[main]org.testng.internal.Utils1)-[Utils] MethodGroupsHelper.sortMethods() took 0 ms.
[INFO ]2024-04-2500:40:48.791[main]org.testng.internal.Utils1)-[Utils] MethodGroupsHelper.collectMethodsByGroup() took 0 ms.
[INFO ]2024-04-2500:40:48.791[main]org.testng.internal.Utils1)-[Utils] MethodGroupsHelper.sortMethods() took 0 ms.
[INFO ]2024-04-2500:40:48.802[main]org.testng.internal.Utils1)-[Utils] MethodGroupsHelper.collectMethodsByGroup() took 10 ms.
[INFO ]2024-04-2500:40:48.803[main]org.testng.internal.Utils1)-[Utils] MethodGroupsHelper.sortMethods() took 1 ms.
[INFO ]2024-04-2500:40:48.807[main]org.testng.internal.Utils1)-[Utils] MethodGroupsHelper.collectMethodsByGroup() took 0 ms.
[INFO ]2024-04-2500:40:48.808[main]org.testng.internal.Utils1)-[Utils] MethodGroupsHelper.sortMethods() took 0 ms.
[INFO ]2024-04-2500:40:48.808[main]org.testng.internal.Utils1)-[Utils] MethodGroupsHelper.collectMethodsByGroup() took 0 ms.
[INFO ]2024-04-2500:40:48.809[main]org.testng.internal.Utils1)-[Utils] MethodGroupsHelper.sortMethods() took 0 ms.
[INFO ]2024-04-2500:40:48.822[main]org.testng.internal.Utils1)-[TestNG] Running:
  C:\Users\ishwa\AppData\Local\Temp\testng-eclipse--465031982\testng-customsuite.xml

[INFO ]2024-04-2500:40:48.860[main]org.testng.internal.Utils1)-[Utils] DynamicGraphHelper.createDynamicGraph() took 4 ms.
[INFO ]2024-04-2500:40:50.148[main]app_hooks.DriverManager1)-Launching chrome
[INFO ]2024-04-2500:40:55.663[main]org.testng.internal.Utils1)-[TestNG] Time taken by org.testng.reporters.jq.Main@2bfc2f8b: 90 ms
[INFO ]2024-04-2500:40:55.664[main]org.testng.internal.Utils1)-[TestNG] Time taken by org.testng.reporters.FailedReporter@61853c7e: 0 ms
[INFO ]2024-04-2500:40:55.688[main]org.testng.internal.Utils1)-[TestNG] Time taken by org.testng.reporters.XMLReporter@5e68be2: 22 ms
[INFO ]2024-04-2500:40:55.698[main]org.testng.internal.Utils1)-[TestNG] Time taken by org.testng.reporters.EmailableReporter2@173511ff: 10 ms
[INFO ]2024-04-2500:40:55.705[main]org.testng.internal.Utils1)-[TestNG] Time taken by org.testng.reporters.JUnitReportReporter@1ccc1026: 6 ms
[INFO ]2024-04-2500:40:55.705[main]org.testng.internal.Utils1)-[TestNG] Time taken by org.testng.internal.ExitCodeListener@4044589a: 0 ms
[INFO ]2024-04-2500:44:39.063[main]org.testng.internal.Utils1)-[Utils] MethodGroupsHelper.collectMethodsByGroup() took 0 ms.
[INFO ]2024-04-2500:44:39.074[main]org.testng.internal.Utils1)-[Utils] MethodGroupsHelper.sortMethods() took 4 ms.
[INFO ]2024-04-2500:44:39.077[main]org.testng.internal.Utils1)-[Utils] MethodGroupsHelper.collectMethodsByGroup() took 0 ms.
[INFO ]2024-04-2500:44:39.077[main]org.testng.internal.Utils1)-[Utils] MethodGroupsHelper.sortMethods() took 0 ms.
[INFO ]2024-04-2500:44:39.078[main]org.testng.internal.Utils1)-[Utils] MethodGroupsHelper.collectMethodsByGroup() took 0 ms.
[INFO ]2024-04-2500:44:39.079[main]org.testng.internal.Utils1)-[Utils] MethodGroupsHelper.sortMethods() took 0 ms.
[INFO ]2024-04-2500:44:39.081[main]org.testng.internal.Utils1)-[Utils] MethodGroupsHelper.collectMethodsByGroup() took 0 ms.
[INFO ]2024-04-2500:44:39.081[main]org.testng.internal.Utils1)-[Utils] MethodGroupsHelper.sortMethods() took 0 ms.
[INFO ]2024-04-2500:44:39.085[main]org.testng.internal.Utils1)-[Utils] MethodGroupsHelper.collectMethodsByGroup() took 0 ms.
[INFO ]2024-04-2500:44:39.098[main]org.testng.internal.Utils1)-[Utils] MethodGroupsHelper.sortMethods() took 11 ms.
[INFO ]2024-04-2500:44:39.100[main]org.testng.internal.Utils1)-[Utils] MethodGroupsHelper.collectMethodsByGroup() took 0 ms.
[INFO ]2024-04-2500:44:39.102[main]org.testng.internal.Utils1)-[Utils] MethodGroupsHelper.sortMethods() took 0 ms.
[INFO ]2024-04-2500:44:39.104[main]org.testng.internal.Utils1)-[Utils] MethodGroupsHelper.collectMethodsByGroup() took 0 ms.
[INFO ]2024-04-2500:44:39.105[main]org.testng.internal.Utils1)-[Utils] MethodGroupsHelper.sortMethods() took 0 ms.
[INFO ]2024-04-2500:44:39.106[main]org.testng.internal.Utils1)-[Utils] MethodGroupsHelper.collectMethodsByGroup() took 0 ms.
[INFO ]2024-04-2500:44:39.106[main]org.testng.internal.Utils1)-[Utils] MethodGroupsHelper.sortMethods() took 0 ms.
[INFO ]2024-04-2500:44:39.110[main]org.testng.internal.Utils1)-[Utils] MethodGroupsHelper.collectMethodsByGroup() took 0 ms.
[INFO ]2024-04-2500:44:39.110[main]org.testng.internal.Utils1)-[Utils] MethodGroupsHelper.sortMethods() took 0 ms.
[INFO ]2024-04-2500:44:39.111[main]org.testng.internal.Utils1)-[Utils] MethodGroupsHelper.collectMethodsByGroup() took 0 ms.
[INFO ]2024-04-2500:44:39.112[main]org.testng.internal.Utils1)-[Utils] MethodGroupsHelper.sortMethods() took 0 ms.
[INFO ]2024-04-2500:44:39.113[main]org.testng.internal.Utils1)-[Utils] MethodGroupsHelper.collectMethodsByGroup() took 0 ms.
[INFO ]2024-04-2500:44:39.113[main]org.testng.internal.Utils1)-[Utils] MethodGroupsHelper.sortMethods() took 0 ms.
[INFO ]2024-04-2500:44:39.115[main]org.testng.internal.Utils1)-[Utils] MethodGroupsHelper.collectMethodsByGroup() took 0 ms.
[INFO ]2024-04-2500:44:39.115[main]org.testng.internal.Utils1)-[Utils] MethodGroupsHelper.sortMethods() took 0 ms.
[INFO ]2024-04-2500:44:39.127[main]org.testng.internal.Utils1)-[Utils] MethodGroupsHelper.collectMethodsByGroup() took 9 ms.
[INFO ]2024-04-2500:44:39.128[main]org.testng.internal.Utils1)-[Utils] MethodGroupsHelper.sortMethods() took 0 ms.
[INFO ]2024-04-2500:44:39.129[main]org.testng.internal.Utils1)-[Utils] MethodGroupsHelper.collectMethodsByGroup() took 0 ms.
[INFO ]2024-04-2500:44:39.130[main]org.testng.internal.Utils1)-[Utils] MethodGroupsHelper.sortMethods() took 0 ms.
[INFO ]2024-04-2500:44:39.130[main]org.testng.internal.Utils1)-[Utils] MethodGroupsHelper.collectMethodsByGroup() took 0 ms.
[INFO ]2024-04-2500:44:39.130[main]org.testng.internal.Utils1)-[Utils] MethodGroupsHelper.sortMethods() took 0 ms.
[INFO ]2024-04-2500:44:39.147[main]org.testng.internal.Utils1)-[TestNG] Running:
  C:\Users\ishwa\AppData\Local\Temp\testng-eclipse-1594846875\testng-customsuite.xml

[INFO ]2024-04-2500:44:39.195[main]org.testng.internal.Utils1)-[Utils] DynamicGraphHelper.createDynamicGraph() took 4 ms.
[INFO ]2024-04-2500:44:40.514[main]app_hooks.DriverManager1)-Launching chrome
[INFO ]2024-04-2500:44:46.050[main]org.testng.internal.Utils1)-[TestNG] Time taken by org.testng.reporters.jq.Main@7f51f588: 95 ms
[INFO ]2024-04-2500:44:46.051[main]org.testng.internal.Utils1)-[TestNG] Time taken by org.testng.reporters.FailedReporter@6fb22ae3: 0 ms
[INFO ]2024-04-2500:44:46.062[main]org.testng.internal.Utils1)-[TestNG] Time taken by org.testng.reporters.XMLReporter@216f01: 10 ms
[INFO ]2024-04-2500:44:46.072[main]org.testng.internal.Utils1)-[TestNG] Time taken by org.testng.reporters.EmailableReporter2@643ecfef: 10 ms
[INFO ]2024-04-2500:44:46.078[main]org.testng.internal.Utils1)-[TestNG] Time taken by org.testng.reporters.JUnitReportReporter@5b44318: 6 ms
[INFO ]2024-04-2500:44:46.081[main]org.testng.internal.Utils1)-[TestNG] Time taken by org.testng.internal.ExitCodeListener@6e807e2: 0 ms
[INFO ]2024-04-2500:53:09.418[main]org.testng.internal.Utils1)-[Utils] MethodGroupsHelper.collectMethodsByGroup() took 1 ms.
[INFO ]2024-04-2500:53:09.431[main]org.testng.internal.Utils1)-[Utils] MethodGroupsHelper.sortMethods() took 3 ms.
[INFO ]2024-04-2500:53:09.435[main]org.testng.internal.Utils1)-[Utils] MethodGroupsHelper.collectMethodsByGroup() took 0 ms.
[INFO ]2024-04-2500:53:09.436[main]org.testng.internal.Utils1)-[Utils] MethodGroupsHelper.sortMethods() took 0 ms.
[INFO ]2024-04-2500:53:09.438[main]org.testng.internal.Utils1)-[Utils] MethodGroupsHelper.collectMethodsByGroup() took 0 ms.
[INFO ]2024-04-2500:53:09.438[main]org.testng.internal.Utils1)-[Utils] MethodGroupsHelper.sortMethods() took 0 ms.
[INFO ]2024-04-2500:53:09.440[main]org.testng.internal.Utils1)-[Utils] MethodGroupsHelper.collectMethodsByGroup() took 0 ms.
[INFO ]2024-04-2500:53:09.440[main]org.testng.internal.Utils1)-[Utils] MethodGroupsHelper.sortMethods() took 0 ms.
[INFO ]2024-04-2500:53:09.443[main]org.testng.internal.Utils1)-[Utils] MethodGroupsHelper.collectMethodsByGroup() took 0 ms.
[INFO ]2024-04-2500:53:09.457[main]org.testng.internal.Utils1)-[Utils] MethodGroupsHelper.sortMethods() took 13 ms.
[INFO ]2024-04-2500:53:09.459[main]org.testng.internal.Utils1)-[Utils] MethodGroupsHelper.collectMethodsByGroup() took 0 ms.
[INFO ]2024-04-2500:53:09.460[main]org.testng.internal.Utils1)-[Utils] MethodGroupsHelper.sortMethods() took 0 ms.
[INFO ]2024-04-2500:53:09.461[main]org.testng.internal.Utils1)-[Utils] MethodGroupsHelper.collectMethodsByGroup() took 0 ms.
[INFO ]2024-04-2500:53:09.462[main]org.testng.internal.Utils1)-[Utils] MethodGroupsHelper.sortMethods() took 0 ms.
[INFO ]2024-04-2500:53:09.463[main]org.testng.internal.Utils1)-[Utils] MethodGroupsHelper.collectMethodsByGroup() took 0 ms.
[INFO ]2024-04-2500:53:09.463[main]org.testng.internal.Utils1)-[Utils] MethodGroupsHelper.sortMethods() took 0 ms.
[INFO ]2024-04-2500:53:09.465[main]org.testng.internal.Utils1)-[Utils] MethodGroupsHelper.collectMethodsByGroup() took 0 ms.
[INFO ]2024-04-2500:53:09.467[main]org.testng.internal.Utils1)-[Utils] MethodGroupsHelper.sortMethods() took 0 ms.
[INFO ]2024-04-2500:53:09.468[main]org.testng.internal.Utils1)-[Utils] MethodGroupsHelper.collectMethodsByGroup() took 0 ms.
[INFO ]2024-04-2500:53:09.468[main]org.testng.internal.Utils1)-[Utils] MethodGroupsHelper.sortMethods() took 0 ms.
[INFO ]2024-04-2500:53:09.471[main]org.testng.internal.Utils1)-[Utils] MethodGroupsHelper.collectMethodsByGroup() took 0 ms.
[INFO ]2024-04-2500:53:09.474[main]org.testng.internal.Utils1)-[Utils] MethodGroupsHelper.sortMethods() took 0 ms.
[INFO ]2024-04-2500:53:09.476[main]org.testng.internal.Utils1)-[Utils] MethodGroupsHelper.collectMethodsByGroup() took 0 ms.
[INFO ]2024-04-2500:53:09.479[main]org.testng.internal.Utils1)-[Utils] MethodGroupsHelper.sortMethods() took 0 ms.
[INFO ]2024-04-2500:53:09.490[main]org.testng.internal.Utils1)-[Utils] MethodGroupsHelper.collectMethodsByGroup() took 8 ms.
[INFO ]2024-04-2500:53:09.490[main]org.testng.internal.Utils1)-[Utils] MethodGroupsHelper.sortMethods() took 0 ms.
[INFO ]2024-04-2500:53:09.492[main]org.testng.internal.Utils1)-[Utils] MethodGroupsHelper.collectMethodsByGroup() took 0 ms.
[INFO ]2024-04-2500:53:09.493[main]org.testng.internal.Utils1)-[Utils] MethodGroupsHelper.sortMethods() took 0 ms.
[INFO ]2024-04-2500:53:09.493[main]org.testng.internal.Utils1)-[Utils] MethodGroupsHelper.collectMethodsByGroup() took 0 ms.
[INFO ]2024-04-2500:53:09.494[main]org.testng.internal.Utils1)-[Utils] MethodGroupsHelper.sortMethods() took 0 ms.
[INFO ]2024-04-2500:53:09.508[main]org.testng.internal.Utils1)-[TestNG] Running:
  C:\Users\ishwa\AppData\Local\Temp\testng-eclipse-220828643\testng-customsuite.xml

[INFO ]2024-04-2500:53:09.557[main]org.testng.internal.Utils1)-[Utils] DynamicGraphHelper.createDynamicGraph() took 6 ms.
[INFO ]2024-04-2500:53:10.892[main]app_hooks.DriverManager1)-Launching chrome
[INFO ]2024-04-2500:53:16.334[main]org.testng.internal.Utils1)-[TestNG] Time taken by org.testng.reporters.jq.Main@5980fa73: 77 ms
[INFO ]2024-04-2500:53:16.337[main]org.testng.internal.Utils1)-[TestNG] Time taken by org.testng.reporters.FailedReporter@13ca16bf: 1 ms
[INFO ]2024-04-2500:53:16.360[main]org.testng.internal.Utils1)-[TestNG] Time taken by org.testng.reporters.XMLReporter@3bc20984: 21 ms
[INFO ]2024-04-2500:53:16.368[main]org.testng.internal.Utils1)-[TestNG] Time taken by org.testng.reporters.EmailableReporter2@9281d19: 8 ms
[INFO ]2024-04-2500:53:16.374[main]org.testng.internal.Utils1)-[TestNG] Time taken by org.testng.reporters.JUnitReportReporter@216f01: 6 ms
[INFO ]2024-04-2500:53:16.375[main]org.testng.internal.Utils1)-[TestNG] Time taken by org.testng.internal.ExitCodeListener@7c901203: 0 ms
[INFO ]2024-04-2500:56:44.656[main]org.testng.internal.Utils1)-[Utils] MethodGroupsHelper.collectMethodsByGroup() took 1 ms.
[INFO ]2024-04-2500:56:44.667[main]org.testng.internal.Utils1)-[Utils] MethodGroupsHelper.sortMethods() took 2 ms.
[INFO ]2024-04-2500:56:44.671[main]org.testng.internal.Utils1)-[Utils] MethodGroupsHelper.collectMethodsByGroup() took 0 ms.
[INFO ]2024-04-2500:56:44.671[main]org.testng.internal.Utils1)-[Utils] MethodGroupsHelper.sortMethods() took 0 ms.
[INFO ]2024-04-2500:56:44.674[main]org.testng.internal.Utils1)-[Utils] MethodGroupsHelper.collectMethodsByGroup() took 0 ms.
[INFO ]2024-04-2500:56:44.674[main]org.testng.internal.Utils1)-[Utils] MethodGroupsHelper.sortMethods() took 0 ms.
[INFO ]2024-04-2500:56:44.679[main]org.testng.internal.Utils1)-[Utils] MethodGroupsHelper.collectMethodsByGroup() took 0 ms.
[INFO ]2024-04-2500:56:44.680[main]org.testng.internal.Utils1)-[Utils] MethodGroupsHelper.sortMethods() took 0 ms.
[INFO ]2024-04-2500:56:44.687[main]org.testng.internal.Utils1)-[Utils] MethodGroupsHelper.collectMethodsByGroup() took 0 ms.
[INFO ]2024-04-2500:56:44.700[main]org.testng.internal.Utils1)-[Utils] MethodGroupsHelper.sortMethods() took 12 ms.
[INFO ]2024-04-2500:56:44.705[main]org.testng.internal.Utils1)-[Utils] MethodGroupsHelper.collectMethodsByGroup() took 0 ms.
[INFO ]2024-04-2500:56:44.706[main]org.testng.internal.Utils1)-[Utils] MethodGroupsHelper.sortMethods() took 1 ms.
[INFO ]2024-04-2500:56:44.708[main]org.testng.internal.Utils1)-[Utils] MethodGroupsHelper.collectMethodsByGroup() took 0 ms.
[INFO ]2024-04-2500:56:44.709[main]org.testng.internal.Utils1)-[Utils] MethodGroupsHelper.sortMethods() took 0 ms.
[INFO ]2024-04-2500:56:44.710[main]org.testng.internal.Utils1)-[Utils] MethodGroupsHelper.collectMethodsByGroup() took 0 ms.
[INFO ]2024-04-2500:56:44.710[main]org.testng.internal.Utils1)-[Utils] MethodGroupsHelper.sortMethods() took 0 ms.
[INFO ]2024-04-2500:56:44.712[main]org.testng.internal.Utils1)-[Utils] MethodGroupsHelper.collectMethodsByGroup() took 0 ms.
[INFO ]2024-04-2500:56:44.712[main]org.testng.internal.Utils1)-[Utils] MethodGroupsHelper.sortMethods() took 0 ms.
[INFO ]2024-04-2500:56:44.715[main]org.testng.internal.Utils1)-[Utils] MethodGroupsHelper.collectMethodsByGroup() took 0 ms.
[INFO ]2024-04-2500:56:44.715[main]org.testng.internal.Utils1)-[Utils] MethodGroupsHelper.sortMethods() took 0 ms.
[INFO ]2024-04-2500:56:44.718[main]org.testng.internal.Utils1)-[Utils] MethodGroupsHelper.collectMethodsByGroup() took 0 ms.
[INFO ]2024-04-2500:56:44.718[main]org.testng.internal.Utils1)-[Utils] MethodGroupsHelper.sortMethods() took 0 ms.
[INFO ]2024-04-2500:56:44.719[main]org.testng.internal.Utils1)-[Utils] MethodGroupsHelper.collectMethodsByGroup() took 0 ms.
[INFO ]2024-04-2500:56:44.719[main]org.testng.internal.Utils1)-[Utils] MethodGroupsHelper.sortMethods() took 0 ms.
[INFO ]2024-04-2500:56:44.728[main]org.testng.internal.Utils1)-[Utils] MethodGroupsHelper.collectMethodsByGroup() took 7 ms.
[INFO ]2024-04-2500:56:44.729[main]org.testng.internal.Utils1)-[Utils] MethodGroupsHelper.sortMethods() took 0 ms.
[INFO ]2024-04-2500:56:44.732[main]org.testng.internal.Utils1)-[Utils] MethodGroupsHelper.collectMethodsByGroup() took 0 ms.
[INFO ]2024-04-2500:56:44.732[main]org.testng.internal.Utils1)-[Utils] MethodGroupsHelper.sortMethods() took 0 ms.
[INFO ]2024-04-2500:56:44.732[main]org.testng.internal.Utils1)-[Utils] MethodGroupsHelper.collectMethodsByGroup() took 0 ms.
[INFO ]2024-04-2500:56:44.734[main]org.testng.internal.Utils1)-[Utils] MethodGroupsHelper.sortMethods() took 0 ms.
[INFO ]2024-04-2500:56:44.746[main]org.testng.internal.Utils1)-[TestNG] Running:
  C:\Users\ishwa\AppData\Local\Temp\testng-eclipse--365038307\testng-customsuite.xml

[INFO ]2024-04-2500:56:44.790[main]org.testng.internal.Utils1)-[Utils] DynamicGraphHelper.createDynamicGraph() took 7 ms.
[INFO ]2024-04-2500:56:46.241[main]app_hooks.DriverManager1)-Launching chrome
[INFO ]2024-04-2500:56:51.945[main]org.testng.internal.Utils1)-[TestNG] Time taken by org.testng.reporters.jq.Main@7f51f588: 83 ms
[INFO ]2024-04-2500:56:51.946[main]org.testng.internal.Utils1)-[TestNG] Time taken by org.testng.reporters.FailedReporter@6fb22ae3: 0 ms
[INFO ]2024-04-2500:56:51.967[main]org.testng.internal.Utils1)-[TestNG] Time taken by org.testng.reporters.XMLReporter@216f01: 21 ms
[INFO ]2024-04-2500:56:51.976[main]org.testng.internal.Utils1)-[TestNG] Time taken by org.testng.reporters.EmailableReporter2@643ecfef: 9 ms
[INFO ]2024-04-2500:56:51.987[main]org.testng.internal.Utils1)-[TestNG] Time taken by org.testng.reporters.JUnitReportReporter@5b44318: 9 ms
[INFO ]2024-04-2500:56:51.987[main]org.testng.internal.Utils1)-[TestNG] Time taken by org.testng.internal.ExitCodeListener@6e807e2: 0 ms
[INFO ]2024-04-2509:13:46.464[main]org.testng.internal.Utils1)-[Utils] MethodGroupsHelper.collectMethodsByGroup() took 1 ms.
[INFO ]2024-04-2509:13:46.472[main]org.testng.internal.Utils1)-[Utils] MethodGroupsHelper.sortMethods() took 1 ms.
[INFO ]2024-04-2509:13:46.475[main]org.testng.internal.Utils1)-[Utils] MethodGroupsHelper.collectMethodsByGroup() took 0 ms.
[INFO ]2024-04-2509:13:46.476[main]org.testng.internal.Utils1)-[Utils] MethodGroupsHelper.sortMethods() took 0 ms.
[INFO ]2024-04-2509:13:46.476[main]org.testng.internal.Utils1)-[Utils] MethodGroupsHelper.collectMethodsByGroup() took 0 ms.
[INFO ]2024-04-2509:13:46.477[main]org.testng.internal.Utils1)-[Utils] MethodGroupsHelper.sortMethods() took 0 ms.
[INFO ]2024-04-2509:13:46.478[main]org.testng.internal.Utils1)-[Utils] MethodGroupsHelper.collectMethodsByGroup() took 0 ms.
[INFO ]2024-04-2509:13:46.479[main]org.testng.internal.Utils1)-[Utils] MethodGroupsHelper.sortMethods() took 0 ms.
[INFO ]2024-04-2509:13:46.482[main]org.testng.internal.Utils1)-[Utils] MethodGroupsHelper.collectMethodsByGroup() took 1 ms.
[INFO ]2024-04-2509:13:46.503[main]org.testng.internal.Utils1)-[Utils] MethodGroupsHelper.sortMethods() took 21 ms.
[INFO ]2024-04-2509:13:46.506[main]org.testng.internal.Utils1)-[Utils] MethodGroupsHelper.collectMethodsByGroup() took 0 ms.
[INFO ]2024-04-2509:13:46.507[main]org.testng.internal.Utils1)-[Utils] MethodGroupsHelper.sortMethods() took 1 ms.
[INFO ]2024-04-2509:13:46.508[main]org.testng.internal.Utils1)-[Utils] MethodGroupsHelper.collectMethodsByGroup() took 0 ms.
[INFO ]2024-04-2509:13:46.508[main]org.testng.internal.Utils1)-[Utils] MethodGroupsHelper.sortMethods() took 0 ms.
[INFO ]2024-04-2509:13:46.509[main]org.testng.internal.Utils1)-[Utils] MethodGroupsHelper.collectMethodsByGroup() took 0 ms.
[INFO ]2024-04-2509:13:46.509[main]org.testng.internal.Utils1)-[Utils] MethodGroupsHelper.sortMethods() took 0 ms.
[INFO ]2024-04-2509:13:46.513[main]org.testng.internal.Utils1)-[Utils] MethodGroupsHelper.collectMethodsByGroup() took 0 ms.
[INFO ]2024-04-2509:13:46.514[main]org.testng.internal.Utils1)-[Utils] MethodGroupsHelper.sortMethods() took 0 ms.
[INFO ]2024-04-2509:13:46.514[main]org.testng.internal.Utils1)-[Utils] MethodGroupsHelper.collectMethodsByGroup() took 0 ms.
[INFO ]2024-04-2509:13:46.515[main]org.testng.internal.Utils1)-[Utils] MethodGroupsHelper.sortMethods() took 0 ms.
[INFO ]2024-04-2509:13:46.517[main]org.testng.internal.Utils1)-[Utils] MethodGroupsHelper.collectMethodsByGroup() took 0 ms.
[INFO ]2024-04-2509:13:46.517[main]org.testng.internal.Utils1)-[Utils] MethodGroupsHelper.sortMethods() took 0 ms.
[INFO ]2024-04-2509:13:46.517[main]org.testng.internal.Utils1)-[Utils] MethodGroupsHelper.collectMethodsByGroup() took 0 ms.
[INFO ]2024-04-2509:13:46.517[main]org.testng.internal.Utils1)-[Utils] MethodGroupsHelper.sortMethods() took 0 ms.
[INFO ]2024-04-2509:13:46.528[main]org.testng.internal.Utils1)-[Utils] MethodGroupsHelper.collectMethodsByGroup() took 9 ms.
[INFO ]2024-04-2509:13:46.532[main]org.testng.internal.Utils1)-[Utils] MethodGroupsHelper.sortMethods() took 2 ms.
[INFO ]2024-04-2509:13:46.535[main]org.testng.internal.Utils1)-[Utils] MethodGroupsHelper.collectMethodsByGroup() took 0 ms.
[INFO ]2024-04-2509:13:46.537[main]org.testng.internal.Utils1)-[Utils] MethodGroupsHelper.sortMethods() took 0 ms.
[INFO ]2024-04-2509:13:46.537[main]org.testng.internal.Utils1)-[Utils] MethodGroupsHelper.collectMethodsByGroup() took 0 ms.
[INFO ]2024-04-2509:13:46.538[main]org.testng.internal.Utils1)-[Utils] MethodGroupsHelper.sortMethods() took 0 ms.
[INFO ]2024-04-2509:13:46.552[main]org.testng.internal.Utils1)-[TestNG] Running:
  C:\Users\ishwa\AppData\Local\Temp\testng-eclipse-2055600619\testng-customsuite.xml

[INFO ]2024-04-2509:13:46.593[main]org.testng.internal.Utils1)-[Utils] DynamicGraphHelper.createDynamicGraph() took 4 ms.
[INFO ]2024-04-2509:13:48.088[main]app_hooks.DriverManager1)-Launching chrome
[INFO ]2024-04-2509:13:53.997[main]utilities.Logger_Load1)-LMS
[INFO ]2024-04-2509:13:53.997[main]utilities.Logger_Load1)-Title is LMS as expected
[INFO ]2024-04-2509:13:54.477[main]app_hooks.DriverManager1)-Launching chrome
[INFO ]2024-04-2509:13:58.042[main]app_hooks.DriverManager1)-Launching chrome
[INFO ]2024-04-2509:14:00.590[main]app_hooks.DriverManager1)-Launching chrome
[INFO ]2024-04-2509:14:03.747[main]app_hooks.DriverManager1)-Launching chrome
[INFO ]2024-04-2509:14:07.254[main]app_hooks.DriverManager1)-Launching chrome
[INFO ]2024-04-2509:14:11.372[main]org.testng.internal.Utils1)-[TestNG] Time taken by org.testng.reporters.jq.Main@601f264d: 88 ms
[INFO ]2024-04-2509:14:11.393[main]org.testng.internal.Utils1)-[TestNG] Time taken by org.testng.reporters.FailedReporter@68b3248a: 21 ms
[INFO ]2024-04-2509:14:11.423[main]org.testng.internal.Utils1)-[TestNG] Time taken by org.testng.reporters.XMLReporter@7ed8b44: 30 ms
[INFO ]2024-04-2509:14:11.437[main]org.testng.internal.Utils1)-[TestNG] Time taken by org.testng.reporters.EmailableReporter2@182cc69e: 13 ms
[INFO ]2024-04-2509:14:11.455[main]org.testng.internal.Utils1)-[TestNG] Time taken by org.testng.reporters.JUnitReportReporter@6f289728: 18 ms
[INFO ]2024-04-2509:14:11.455[main]org.testng.internal.Utils1)-[TestNG] Time taken by org.testng.internal.ExitCodeListener@7c421952: 0 ms
[INFO ]2024-04-2509:17:06.592[main]app_hooks.DriverManager1)-Launching chrome
[INFO ]2024-04-2509:17:11.147[main]utilities.Logger_Load1)-LMS
[INFO ]2024-04-2509:17:11.148[main]utilities.Logger_Load1)-Title is LMS as expected
[INFO ]2024-04-2509:17:11.582[main]app_hooks.DriverManager1)-Launching chrome
[INFO ]2024-04-2509:17:15.119[main]app_hooks.DriverManager1)-Launching chrome
[INFO ]2024-04-2509:17:18.531[main]app_hooks.DriverManager1)-Launching chrome
[INFO ]2024-04-2509:17:21.629[main]app_hooks.DriverManager1)-Launching chrome
[INFO ]2024-04-2509:17:25.736[main]app_hooks.DriverManager1)-Launching chrome
[INFO ]2024-04-2511:13:30.089[main]org.testng.internal.Utils1)-[Utils] MethodGroupsHelper.collectMethodsByGroup() took 0 ms.
[INFO ]2024-04-2511:13:30.094[main]org.testng.internal.Utils1)-[Utils] MethodGroupsHelper.sortMethods() took 2 ms.
[INFO ]2024-04-2511:13:30.097[main]org.testng.internal.Utils1)-[Utils] MethodGroupsHelper.collectMethodsByGroup() took 0 ms.
[INFO ]2024-04-2511:13:30.097[main]org.testng.internal.Utils1)-[Utils] MethodGroupsHelper.sortMethods() took 0 ms.
[INFO ]2024-04-2511:13:30.097[main]org.testng.internal.Utils1)-[Utils] MethodGroupsHelper.collectMethodsByGroup() took 0 ms.
[INFO ]2024-04-2511:13:30.098[main]org.testng.internal.Utils1)-[Utils] MethodGroupsHelper.sortMethods() took 0 ms.
[INFO ]2024-04-2511:13:30.100[main]org.testng.internal.Utils1)-[Utils] MethodGroupsHelper.collectMethodsByGroup() took 0 ms.
[INFO ]2024-04-2511:13:30.100[main]org.testng.internal.Utils1)-[Utils] MethodGroupsHelper.sortMethods() took 0 ms.
[INFO ]2024-04-2511:13:30.102[main]org.testng.internal.Utils1)-[Utils] MethodGroupsHelper.collectMethodsByGroup() took 0 ms.
[INFO ]2024-04-2511:13:30.116[main]org.testng.internal.Utils1)-[Utils] MethodGroupsHelper.sortMethods() took 12 ms.
[INFO ]2024-04-2511:13:30.119[main]org.testng.internal.Utils1)-[Utils] MethodGroupsHelper.collectMethodsByGroup() took 0 ms.
[INFO ]2024-04-2511:13:30.120[main]org.testng.internal.Utils1)-[Utils] MethodGroupsHelper.sortMethods() took 0 ms.
[INFO ]2024-04-2511:13:30.122[main]org.testng.internal.Utils1)-[Utils] MethodGroupsHelper.collectMethodsByGroup() took 0 ms.
[INFO ]2024-04-2511:13:30.123[main]org.testng.internal.Utils1)-[Utils] MethodGroupsHelper.sortMethods() took 0 ms.
[INFO ]2024-04-2511:13:30.124[main]org.testng.internal.Utils1)-[Utils] MethodGroupsHelper.collectMethodsByGroup() took 0 ms.
[INFO ]2024-04-2511:13:30.125[main]org.testng.internal.Utils1)-[Utils] MethodGroupsHelper.sortMethods() took 0 ms.
[INFO ]2024-04-2511:13:30.127[main]org.testng.internal.Utils1)-[Utils] MethodGroupsHelper.collectMethodsByGroup() took 0 ms.
[INFO ]2024-04-2511:13:30.127[main]org.testng.internal.Utils1)-[Utils] MethodGroupsHelper.sortMethods() took 0 ms.
[INFO ]2024-04-2511:13:30.128[main]org.testng.internal.Utils1)-[Utils] MethodGroupsHelper.collectMethodsByGroup() took 0 ms.
[INFO ]2024-04-2511:13:30.128[main]org.testng.internal.Utils1)-[Utils] MethodGroupsHelper.sortMethods() took 0 ms.
[INFO ]2024-04-2511:13:30.129[main]org.testng.internal.Utils1)-[Utils] MethodGroupsHelper.collectMethodsByGroup() took 0 ms.
[INFO ]2024-04-2511:13:30.129[main]org.testng.internal.Utils1)-[Utils] MethodGroupsHelper.sortMethods() took 0 ms.
[INFO ]2024-04-2511:13:30.129[main]org.testng.internal.Utils1)-[Utils] MethodGroupsHelper.collectMethodsByGroup() took 0 ms.
[INFO ]2024-04-2511:13:30.131[main]org.testng.internal.Utils1)-[Utils] MethodGroupsHelper.sortMethods() took 0 ms.
[INFO ]2024-04-2511:13:30.139[main]org.testng.internal.Utils1)-[Utils] MethodGroupsHelper.collectMethodsByGroup() took 7 ms.
[INFO ]2024-04-2511:13:30.141[main]org.testng.internal.Utils1)-[Utils] MethodGroupsHelper.sortMethods() took 0 ms.
[INFO ]2024-04-2511:13:30.142[main]org.testng.internal.Utils1)-[Utils] MethodGroupsHelper.collectMethodsByGroup() took 0 ms.
[INFO ]2024-04-2511:13:30.142[main]org.testng.internal.Utils1)-[Utils] MethodGroupsHelper.sortMethods() took 0 ms.
[INFO ]2024-04-2511:13:30.142[main]org.testng.internal.Utils1)-[Utils] MethodGroupsHelper.collectMethodsByGroup() took 0 ms.
[INFO ]2024-04-2511:13:30.143[main]org.testng.internal.Utils1)-[Utils] MethodGroupsHelper.sortMethods() took 0 ms.
[INFO ]2024-04-2511:13:30.155[main]org.testng.internal.Utils1)-[TestNG] Running:
  C:\Users\ishwa\AppData\Local\Temp\testng-eclipse-1494282025\testng-customsuite.xml

[INFO ]2024-04-2511:13:30.194[main]org.testng.internal.Utils1)-[Utils] DynamicGraphHelper.createDynamicGraph() took 4 ms.
[INFO ]2024-04-2511:13:31.353[main]app_hooks.DriverManager1)-Launching chrome
[INFO ]2024-04-2511:13:35.861[main]utilities.Logger_Load1)-LMS
[INFO ]2024-04-2511:13:35.862[main]utilities.Logger_Load1)-Title is LMS as expected
[INFO ]2024-04-2511:13:36.861[main]org.testng.internal.Utils1)-[TestNG] Time taken by org.testng.reporters.jq.Main@722787b5: 77 ms
[INFO ]2024-04-2511:13:36.862[main]org.testng.internal.Utils1)-[TestNG] Time taken by org.testng.reporters.FailedReporter@edb83f8: 0 ms
[INFO ]2024-04-2511:13:36.872[main]org.testng.internal.Utils1)-[TestNG] Time taken by org.testng.reporters.XMLReporter@bb8ead8: 9 ms
[INFO ]2024-04-2511:13:36.879[main]org.testng.internal.Utils1)-[TestNG] Time taken by org.testng.reporters.EmailableReporter2@7574d4ad: 6 ms
[INFO ]2024-04-2511:13:36.889[main]org.testng.internal.Utils1)-[TestNG] Time taken by org.testng.reporters.JUnitReportReporter@7a55fb81: 9 ms
[INFO ]2024-04-2511:13:36.890[main]org.testng.internal.Utils1)-[TestNG] Time taken by org.testng.internal.ExitCodeListener@5a3cf878: 0 ms
